{"C:\\Users\\Remy\\code\\github\\dockerfile-language-server-nodejs\\out\\src\\dockerValidator.js":{"path":"C:\\Users\\Remy\\code\\github\\dockerfile-language-server-nodejs\\out\\src\\dockerValidator.js","statementMap":{"0":{"start":{"line":2,"column":0},"end":{"line":2,"column":62}},"1":{"start":{"line":7,"column":32},"end":{"line":7,"column":64}},"2":{"start":{"line":8,"column":17},"end":{"line":8,"column":36}},"3":{"start":{"line":10,"column":0},"end":{"line":15,"column":77}},"4":{"start":{"line":11,"column":4},"end":{"line":11,"column":62}},"5":{"start":{"line":12,"column":4},"end":{"line":12,"column":66}},"6":{"start":{"line":13,"column":4},"end":{"line":13,"column":76}},"7":{"start":{"line":14,"column":4},"end":{"line":14,"column":96}},"8":{"start":{"line":18,"column":8},"end":{"line":31,"column":10}},"9":{"start":{"line":32,"column":8},"end":{"line":36,"column":10}},"10":{"start":{"line":34,"column":16},"end":{"line":34,"column":54}},"11":{"start":{"line":41,"column":8},"end":{"line":41,"column":150}},"12":{"start":{"line":44,"column":22},"end":{"line":44,"column":27}},"13":{"start":{"line":45,"column":24},"end":{"line":45,"column":29}},"14":{"start":{"line":46,"column":27},"end":{"line":46,"column":29}},"15":{"start":{"line":47,"column":28},"end":{"line":47,"column":30}},"16":{"start":{"line":48,"column":30},"end":{"line":48,"column":34}},"17":{"start":{"line":49,"column":17},"end":{"line":49,"column":18}},"18":{"start":{"line":50,"column":8},"end":{"line":130,"column":9}},"19":{"start":{"line":50,"column":24},"end":{"line":130,"column":9}},"20":{"start":{"line":51,"column":12},"end":{"line":129,"column":13}},"21":{"start":{"line":54,"column":20},"end":{"line":54,"column":37}},"22":{"start":{"line":55,"column":20},"end":{"line":55,"column":26}},"23":{"start":{"line":59,"column":20},"end":{"line":59,"column":29}},"24":{"start":{"line":63,"column":20},"end":{"line":63,"column":25}},"25":{"start":{"line":64,"column":20},"end":{"line":64,"column":41}},"26":{"start":{"line":67,"column":20},"end":{"line":117,"column":21}},"27":{"start":{"line":68,"column":44},"end":{"line":68,"column":91}},"28":{"start":{"line":69,"column":24},"end":{"line":80,"column":25}},"29":{"start":{"line":71,"column":28},"end":{"line":71,"column":119}},"30":{"start":{"line":73,"column":28},"end":{"line":79,"column":29}},"31":{"start":{"line":74,"column":32},"end":{"line":74,"column":37}},"32":{"start":{"line":75,"column":32},"end":{"line":78,"column":33}},"33":{"start":{"line":77,"column":36},"end":{"line":77,"column":57}},"34":{"start":{"line":81,"column":24},"end":{"line":81,"column":43}},"35":{"start":{"line":82,"column":24},"end":{"line":116,"column":25}},"36":{"start":{"line":83,"column":28},"end":{"line":83,"column":33}},"37":{"start":{"line":84,"column":28},"end":{"line":95,"column":29}},"38":{"start":{"line":86,"column":44},"end":{"line":86,"column":84}},"39":{"start":{"line":87,"column":32},"end":{"line":93,"column":33}},"40":{"start":{"line":88,"column":36},"end":{"line":88,"column":60}},"41":{"start":{"line":92,"column":36},"end":{"line":92,"column":137}},"42":{"start":{"line":94,"column":32},"end":{"line":94,"column":53}},"43":{"start":{"line":96,"column":28},"end":{"line":115,"column":29}},"44":{"start":{"line":99,"column":36},"end":{"line":107,"column":37}},"45":{"start":{"line":100,"column":40},"end":{"line":100,"column":89}},"46":{"start":{"line":101,"column":40},"end":{"line":106,"column":41}},"47":{"start":{"line":102,"column":44},"end":{"line":102,"column":68}},"48":{"start":{"line":105,"column":44},"end":{"line":105,"column":145}},"49":{"start":{"line":108,"column":36},"end":{"line":108,"column":41}},"50":{"start":{"line":109,"column":36},"end":{"line":109,"column":57}},"51":{"start":{"line":111,"column":36},"end":{"line":113,"column":37}},"52":{"start":{"line":112,"column":40},"end":{"line":112,"column":59}},"53":{"start":{"line":114,"column":36},"end":{"line":114,"column":42}},"54":{"start":{"line":118,"column":20},"end":{"line":118,"column":41}},"55":{"start":{"line":120,"column":20},"end":{"line":127,"column":21}},"56":{"start":{"line":122,"column":24},"end":{"line":124,"column":25}},"57":{"start":{"line":123,"column":28},"end":{"line":123,"column":47}},"58":{"start":{"line":125,"column":24},"end":{"line":125,"column":42}},"59":{"start":{"line":126,"column":24},"end":{"line":126,"column":30}},"60":{"start":{"line":128,"column":20},"end":{"line":128,"column":41}},"61":{"start":{"line":131,"column":8},"end":{"line":134,"column":10}},"62":{"start":{"line":137,"column":8},"end":{"line":137,"column":33}},"63":{"start":{"line":138,"column":19},"end":{"line":138,"column":37}},"64":{"start":{"line":139,"column":23},"end":{"line":139,"column":25}},"65":{"start":{"line":140,"column":22},"end":{"line":140,"column":27}},"66":{"start":{"line":141,"column":21},"end":{"line":141,"column":56}},"67":{"start":{"line":142,"column":21},"end":{"line":142,"column":34}},"68":{"start":{"line":143,"column":31},"end":{"line":143,"column":36}},"69":{"start":{"line":144,"column":17},"end":{"line":144,"column":26}},"70":{"start":{"line":145,"column":8},"end":{"line":300,"column":9}},"71":{"start":{"line":145,"column":19},"end":{"line":300,"column":9}},"72":{"start":{"line":147,"column":12},"end":{"line":149,"column":13}},"73":{"start":{"line":148,"column":16},"end":{"line":148,"column":25}},"74":{"start":{"line":150,"column":12},"end":{"line":163,"column":13}},"75":{"start":{"line":152,"column":16},"end":{"line":157,"column":17}},"76":{"start":{"line":153,"column":20},"end":{"line":156,"column":21}},"77":{"start":{"line":154,"column":24},"end":{"line":154,"column":30}},"78":{"start":{"line":155,"column":24},"end":{"line":155,"column":30}},"79":{"start":{"line":158,"column":16},"end":{"line":161,"column":17}},"80":{"start":{"line":160,"column":20},"end":{"line":160,"column":26}},"81":{"start":{"line":162,"column":16},"end":{"line":162,"column":25}},"82":{"start":{"line":164,"column":30},"end":{"line":164,"column":32}},"83":{"start":{"line":165,"column":24},"end":{"line":165,"column":25}},"84":{"start":{"line":166,"column":23},"end":{"line":166,"column":25}},"85":{"start":{"line":167,"column":12},"end":{"line":299,"column":13}},"86":{"start":{"line":168,"column":16},"end":{"line":180,"column":17}},"87":{"start":{"line":169,"column":20},"end":{"line":169,"column":73}},"88":{"start":{"line":170,"column":20},"end":{"line":170,"column":24}},"89":{"start":{"line":171,"column":20},"end":{"line":173,"column":21}},"90":{"start":{"line":172,"column":24},"end":{"line":172,"column":28}},"91":{"start":{"line":174,"column":20},"end":{"line":177,"column":21}},"92":{"start":{"line":175,"column":24},"end":{"line":175,"column":139}},"93":{"start":{"line":176,"column":24},"end":{"line":176,"column":40}},"94":{"start":{"line":178,"column":20},"end":{"line":178,"column":34}},"95":{"start":{"line":179,"column":20},"end":{"line":179,"column":29}},"96":{"start":{"line":181,"column":16},"end":{"line":298,"column":17}},"97":{"start":{"line":183,"column":20},"end":{"line":190,"column":21}},"98":{"start":{"line":186,"column":24},"end":{"line":186,"column":81}},"99":{"start":{"line":189,"column":24},"end":{"line":189,"column":77}},"100":{"start":{"line":191,"column":47},"end":{"line":191,"column":72}},"101":{"start":{"line":192,"column":20},"end":{"line":200,"column":21}},"102":{"start":{"line":193,"column":24},"end":{"line":198,"column":25}},"103":{"start":{"line":194,"column":28},"end":{"line":194,"column":138}},"104":{"start":{"line":197,"column":28},"end":{"line":197,"column":131}},"105":{"start":{"line":199,"column":24},"end":{"line":199,"column":40}},"106":{"start":{"line":201,"column":20},"end":{"line":209,"column":21}},"107":{"start":{"line":202,"column":24},"end":{"line":202,"column":48}},"108":{"start":{"line":203,"column":24},"end":{"line":208,"column":25}},"109":{"start":{"line":204,"column":28},"end":{"line":204,"column":73}},"110":{"start":{"line":207,"column":28},"end":{"line":207,"column":43}},"111":{"start":{"line":210,"column":34},"end":{"line":210,"column":39}},"112":{"start":{"line":211,"column":31},"end":{"line":211,"column":33}},"113":{"start":{"line":212,"column":20},"end":{"line":288,"column":21}},"114":{"start":{"line":214,"column":28},"end":{"line":214,"column":82}},"115":{"start":{"line":215,"column":28},"end":{"line":215,"column":34}},"116":{"start":{"line":217,"column":28},"end":{"line":217,"column":43}},"117":{"start":{"line":218,"column":28},"end":{"line":218,"column":98}},"118":{"start":{"line":219,"column":28},"end":{"line":219,"column":34}},"119":{"start":{"line":221,"column":28},"end":{"line":221,"column":86}},"120":{"start":{"line":222,"column":28},"end":{"line":222,"column":34}},"121":{"start":{"line":224,"column":28},"end":{"line":224,"column":86}},"122":{"start":{"line":225,"column":28},"end":{"line":225,"column":34}},"123":{"start":{"line":227,"column":28},"end":{"line":227,"column":98}},"124":{"start":{"line":228,"column":28},"end":{"line":228,"column":34}},"125":{"start":{"line":230,"column":28},"end":{"line":230,"column":82}},"126":{"start":{"line":231,"column":28},"end":{"line":231,"column":34}},"127":{"start":{"line":233,"column":28},"end":{"line":233,"column":98}},"128":{"start":{"line":234,"column":28},"end":{"line":234,"column":34}},"129":{"start":{"line":236,"column":28},"end":{"line":286,"column":29}},"130":{"start":{"line":238,"column":32},"end":{"line":238,"column":105}},"131":{"start":{"line":239,"column":32},"end":{"line":239,"column":47}},"132":{"start":{"line":240,"column":32},"end":{"line":254,"column":33}},"133":{"start":{"line":241,"column":36},"end":{"line":244,"column":37}},"134":{"start":{"line":242,"column":40},"end":{"line":242,"column":44}},"135":{"start":{"line":243,"column":40},"end":{"line":243,"column":49}},"136":{"start":{"line":245,"column":36},"end":{"line":253,"column":37}},"137":{"start":{"line":247,"column":40},"end":{"line":247,"column":46}},"138":{"start":{"line":248,"column":40},"end":{"line":248,"column":59}},"139":{"start":{"line":250,"column":41},"end":{"line":253,"column":37}},"140":{"start":{"line":252,"column":40},"end":{"line":252,"column":56}},"141":{"start":{"line":257,"column":32},"end":{"line":260,"column":33}},"142":{"start":{"line":259,"column":36},"end":{"line":259,"column":89}},"143":{"start":{"line":261,"column":44},"end":{"line":261,"column":49}},"144":{"start":{"line":262,"column":32},"end":{"line":280,"column":33}},"145":{"start":{"line":263,"column":36},"end":{"line":279,"column":37}},"146":{"start":{"line":264,"column":40},"end":{"line":264,"column":44}},"147":{"start":{"line":265,"column":40},"end":{"line":267,"column":41}},"148":{"start":{"line":266,"column":44},"end":{"line":266,"column":48}},"149":{"start":{"line":268,"column":40},"end":{"line":268,"column":49}},"150":{"start":{"line":270,"column":41},"end":{"line":279,"column":37}},"151":{"start":{"line":271,"column":40},"end":{"line":273,"column":41}},"152":{"start":{"line":272,"column":44},"end":{"line":272,"column":92}},"153":{"start":{"line":274,"column":40},"end":{"line":274,"column":46}},"154":{"start":{"line":275,"column":40},"end":{"line":275,"column":59}},"155":{"start":{"line":277,"column":41},"end":{"line":279,"column":37}},"156":{"start":{"line":278,"column":40},"end":{"line":278,"column":53}},"157":{"start":{"line":282,"column":32},"end":{"line":284,"column":33}},"158":{"start":{"line":283,"column":36},"end":{"line":283,"column":84}},"159":{"start":{"line":285,"column":32},"end":{"line":285,"column":48}},"160":{"start":{"line":287,"column":28},"end":{"line":287,"column":34}},"161":{"start":{"line":289,"column":20},"end":{"line":292,"column":21}},"162":{"start":{"line":291,"column":24},"end":{"line":291,"column":77}},"163":{"start":{"line":293,"column":20},"end":{"line":293,"column":29}},"164":{"start":{"line":294,"column":20},"end":{"line":294,"column":39}},"165":{"start":{"line":297,"column":20},"end":{"line":297,"column":29}},"166":{"start":{"line":301,"column":8},"end":{"line":303,"column":9}},"167":{"start":{"line":302,"column":12},"end":{"line":302,"column":52}},"168":{"start":{"line":304,"column":8},"end":{"line":304,"column":24}},"169":{"start":{"line":307,"column":8},"end":{"line":309,"column":9}},"170":{"start":{"line":308,"column":12},"end":{"line":308,"column":22}},"171":{"start":{"line":310,"column":8},"end":{"line":318,"column":9}},"172":{"start":{"line":311,"column":12},"end":{"line":311,"column":85}},"173":{"start":{"line":314,"column":12},"end":{"line":314,"column":60}},"174":{"start":{"line":315,"column":12},"end":{"line":317,"column":13}},"175":{"start":{"line":316,"column":16},"end":{"line":316,"column":69}},"176":{"start":{"line":319,"column":8},"end":{"line":321,"column":9}},"177":{"start":{"line":320,"column":12},"end":{"line":320,"column":52}},"178":{"start":{"line":324,"column":8},"end":{"line":331,"column":46}},"179":{"start":{"line":325,"column":12},"end":{"line":329,"column":13}},"180":{"start":{"line":326,"column":16},"end":{"line":328,"column":17}},"181":{"start":{"line":327,"column":20},"end":{"line":327,"column":33}},"182":{"start":{"line":330,"column":12},"end":{"line":330,"column":88}},"183":{"start":{"line":334,"column":24},"end":{"line":334,"column":26}},"184":{"start":{"line":335,"column":22},"end":{"line":335,"column":24}},"185":{"start":{"line":336,"column":22},"end":{"line":336,"column":27}},"186":{"start":{"line":337,"column":20},"end":{"line":337,"column":25}},"187":{"start":{"line":338,"column":19},"end":{"line":338,"column":21}},"188":{"start":{"line":339,"column":8},"end":{"line":403,"column":9}},"189":{"start":{"line":340,"column":12},"end":{"line":346,"column":13}},"190":{"start":{"line":341,"column":16},"end":{"line":341,"column":20}},"191":{"start":{"line":342,"column":16},"end":{"line":344,"column":17}},"192":{"start":{"line":343,"column":20},"end":{"line":343,"column":24}},"193":{"start":{"line":345,"column":16},"end":{"line":345,"column":25}},"194":{"start":{"line":347,"column":12},"end":{"line":382,"column":13}},"195":{"start":{"line":348,"column":16},"end":{"line":354,"column":17}},"196":{"start":{"line":349,"column":20},"end":{"line":349,"column":42}},"197":{"start":{"line":350,"column":20},"end":{"line":353,"column":21}},"198":{"start":{"line":351,"column":24},"end":{"line":351,"column":85}},"199":{"start":{"line":352,"column":24},"end":{"line":352,"column":39}},"200":{"start":{"line":355,"column":16},"end":{"line":355,"column":26}},"201":{"start":{"line":356,"column":16},"end":{"line":356,"column":31}},"202":{"start":{"line":358,"column":17},"end":{"line":382,"column":13}},"203":{"start":{"line":359,"column":16},"end":{"line":369,"column":17}},"204":{"start":{"line":360,"column":20},"end":{"line":368,"column":21}},"205":{"start":{"line":361,"column":24},"end":{"line":364,"column":25}},"206":{"start":{"line":363,"column":28},"end":{"line":363,"column":89}},"207":{"start":{"line":366,"column":25},"end":{"line":368,"column":21}},"208":{"start":{"line":367,"column":24},"end":{"line":367,"column":75}},"209":{"start":{"line":371,"column":16},"end":{"line":371,"column":25}},"210":{"start":{"line":374,"column":16},"end":{"line":380,"column":17}},"211":{"start":{"line":375,"column":20},"end":{"line":375,"column":34}},"212":{"start":{"line":376,"column":20},"end":{"line":376,"column":32}},"213":{"start":{"line":379,"column":20},"end":{"line":379,"column":32}},"214":{"start":{"line":381,"column":16},"end":{"line":381,"column":45}},"215":{"start":{"line":383,"column":12},"end":{"line":402,"column":13}},"216":{"start":{"line":385,"column":16},"end":{"line":399,"column":17}},"217":{"start":{"line":386,"column":20},"end":{"line":389,"column":21}},"218":{"start":{"line":388,"column":24},"end":{"line":388,"column":28}},"219":{"start":{"line":390,"column":20},"end":{"line":398,"column":21}},"220":{"start":{"line":391,"column":24},"end":{"line":394,"column":25}},"221":{"start":{"line":393,"column":28},"end":{"line":393,"column":89}},"222":{"start":{"line":396,"column":25},"end":{"line":398,"column":21}},"223":{"start":{"line":397,"column":24},"end":{"line":397,"column":75}},"224":{"start":{"line":401,"column":16},"end":{"line":401,"column":25}},"225":{"start":{"line":405,"column":8},"end":{"line":419,"column":9}},"226":{"start":{"line":406,"column":12},"end":{"line":409,"column":13}},"227":{"start":{"line":408,"column":16},"end":{"line":408,"column":20}},"228":{"start":{"line":410,"column":12},"end":{"line":418,"column":13}},"229":{"start":{"line":411,"column":16},"end":{"line":414,"column":17}},"230":{"start":{"line":413,"column":20},"end":{"line":413,"column":81}},"231":{"start":{"line":416,"column":17},"end":{"line":418,"column":13}},"232":{"start":{"line":417,"column":16},"end":{"line":417,"column":67}},"233":{"start":{"line":420,"column":8},"end":{"line":420,"column":17}},"234":{"start":{"line":423,"column":8},"end":{"line":423,"column":74}},"235":{"start":{"line":424,"column":8},"end":{"line":435,"column":9}},"236":{"start":{"line":425,"column":12},"end":{"line":431,"column":13}},"237":{"start":{"line":426,"column":16},"end":{"line":426,"column":20}},"238":{"start":{"line":427,"column":16},"end":{"line":429,"column":17}},"239":{"start":{"line":428,"column":20},"end":{"line":428,"column":24}},"240":{"start":{"line":430,"column":16},"end":{"line":430,"column":25}},"241":{"start":{"line":432,"column":12},"end":{"line":434,"column":13}},"242":{"start":{"line":433,"column":16},"end":{"line":433,"column":25}},"243":{"start":{"line":436,"column":8},"end":{"line":436,"column":27}},"244":{"start":{"line":439,"column":8},"end":{"line":449,"column":52}},"245":{"start":{"line":440,"column":12},"end":{"line":442,"column":13}},"246":{"start":{"line":441,"column":16},"end":{"line":441,"column":28}},"247":{"start":{"line":443,"column":12},"end":{"line":447,"column":13}},"248":{"start":{"line":444,"column":16},"end":{"line":446,"column":17}},"249":{"start":{"line":445,"column":20},"end":{"line":445,"column":33}},"250":{"start":{"line":448,"column":12},"end":{"line":448,"column":24}},"251":{"start":{"line":452,"column":19},"end":{"line":452,"column":23}},"252":{"start":{"line":453,"column":8},"end":{"line":470,"column":9}},"253":{"start":{"line":454,"column":12},"end":{"line":460,"column":13}},"254":{"start":{"line":455,"column":16},"end":{"line":455,"column":20}},"255":{"start":{"line":456,"column":16},"end":{"line":458,"column":17}},"256":{"start":{"line":457,"column":20},"end":{"line":457,"column":24}},"257":{"start":{"line":459,"column":16},"end":{"line":459,"column":25}},"258":{"start":{"line":461,"column":12},"end":{"line":469,"column":13}},"259":{"start":{"line":462,"column":16},"end":{"line":462,"column":25}},"260":{"start":{"line":464,"column":17},"end":{"line":469,"column":13}},"261":{"start":{"line":465,"column":16},"end":{"line":465,"column":65}},"262":{"start":{"line":467,"column":17},"end":{"line":469,"column":13}},"263":{"start":{"line":468,"column":16},"end":{"line":468,"column":29}},"264":{"start":{"line":471,"column":8},"end":{"line":471,"column":27}},"265":{"start":{"line":474,"column":23},"end":{"line":474,"column":28}},"266":{"start":{"line":475,"column":18},"end":{"line":475,"column":23}},"267":{"start":{"line":476,"column":19},"end":{"line":476,"column":21}},"268":{"start":{"line":477,"column":26},"end":{"line":477,"column":31}},"269":{"start":{"line":478,"column":22},"end":{"line":478,"column":27}},"270":{"start":{"line":479,"column":8},"end":{"line":528,"column":9}},"271":{"start":{"line":481,"column":12},"end":{"line":487,"column":13}},"272":{"start":{"line":482,"column":16},"end":{"line":482,"column":20}},"273":{"start":{"line":483,"column":16},"end":{"line":485,"column":17}},"274":{"start":{"line":484,"column":20},"end":{"line":484,"column":24}},"275":{"start":{"line":486,"column":16},"end":{"line":486,"column":25}},"276":{"start":{"line":488,"column":12},"end":{"line":527,"column":13}},"277":{"start":{"line":490,"column":20},"end":{"line":493,"column":21}},"278":{"start":{"line":491,"column":24},"end":{"line":491,"column":76}},"279":{"start":{"line":492,"column":24},"end":{"line":492,"column":33}},"280":{"start":{"line":494,"column":20},"end":{"line":494,"column":41}},"281":{"start":{"line":495,"column":20},"end":{"line":495,"column":29}},"282":{"start":{"line":496,"column":20},"end":{"line":496,"column":44}},"283":{"start":{"line":497,"column":20},"end":{"line":497,"column":26}},"284":{"start":{"line":501,"column":20},"end":{"line":501,"column":26}},"285":{"start":{"line":503,"column":20},"end":{"line":505,"column":21}},"286":{"start":{"line":504,"column":24},"end":{"line":504,"column":35}},"287":{"start":{"line":506,"column":20},"end":{"line":506,"column":29}},"288":{"start":{"line":507,"column":20},"end":{"line":507,"column":26}},"289":{"start":{"line":510,"column":20},"end":{"line":512,"column":21}},"290":{"start":{"line":511,"column":24},"end":{"line":511,"column":82}},"291":{"start":{"line":513,"column":20},"end":{"line":513,"column":29}},"292":{"start":{"line":515,"column":20},"end":{"line":517,"column":21}},"293":{"start":{"line":516,"column":24},"end":{"line":516,"column":44}},"294":{"start":{"line":518,"column":20},"end":{"line":518,"column":29}},"295":{"start":{"line":519,"column":20},"end":{"line":519,"column":26}},"296":{"start":{"line":521,"column":20},"end":{"line":521,"column":29}},"297":{"start":{"line":522,"column":20},"end":{"line":525,"column":21}},"298":{"start":{"line":523,"column":24},"end":{"line":523,"column":82}},"299":{"start":{"line":524,"column":24},"end":{"line":524,"column":39}},"300":{"start":{"line":526,"column":20},"end":{"line":526,"column":26}},"301":{"start":{"line":529,"column":8},"end":{"line":533,"column":9}},"302":{"start":{"line":530,"column":12},"end":{"line":532,"column":13}},"303":{"start":{"line":531,"column":16},"end":{"line":531,"column":74}},"304":{"start":{"line":534,"column":8},"end":{"line":534,"column":24}},"305":{"start":{"line":537,"column":8},"end":{"line":541,"column":11}},"306":{"start":{"line":538,"column":12},"end":{"line":538,"column":24}},"307":{"start":{"line":540,"column":12},"end":{"line":540,"column":24}},"308":{"start":{"line":544,"column":24},"end":{"line":544,"column":26}},"309":{"start":{"line":545,"column":22},"end":{"line":545,"column":27}},"310":{"start":{"line":546,"column":20},"end":{"line":546,"column":25}},"311":{"start":{"line":547,"column":19},"end":{"line":547,"column":21}},"312":{"start":{"line":548,"column":8},"end":{"line":621,"column":9}},"313":{"start":{"line":549,"column":12},"end":{"line":555,"column":13}},"314":{"start":{"line":550,"column":16},"end":{"line":550,"column":20}},"315":{"start":{"line":551,"column":16},"end":{"line":553,"column":17}},"316":{"start":{"line":552,"column":20},"end":{"line":552,"column":24}},"317":{"start":{"line":554,"column":16},"end":{"line":554,"column":25}},"318":{"start":{"line":556,"column":12},"end":{"line":597,"column":13}},"319":{"start":{"line":557,"column":16},"end":{"line":570,"column":17}},"320":{"start":{"line":558,"column":20},"end":{"line":569,"column":21}},"321":{"start":{"line":560,"column":24},"end":{"line":560,"column":78}},"322":{"start":{"line":561,"column":24},"end":{"line":561,"column":39}},"323":{"start":{"line":564,"column":24},"end":{"line":564,"column":46}},"324":{"start":{"line":565,"column":24},"end":{"line":568,"column":25}},"325":{"start":{"line":566,"column":28},"end":{"line":566,"column":73}},"326":{"start":{"line":567,"column":28},"end":{"line":567,"column":43}},"327":{"start":{"line":571,"column":16},"end":{"line":571,"column":31}},"328":{"start":{"line":573,"column":17},"end":{"line":597,"column":13}},"329":{"start":{"line":574,"column":16},"end":{"line":588,"column":17}},"330":{"start":{"line":575,"column":20},"end":{"line":587,"column":21}},"331":{"start":{"line":576,"column":24},"end":{"line":579,"column":25}},"332":{"start":{"line":578,"column":28},"end":{"line":578,"column":82}},"333":{"start":{"line":581,"column":25},"end":{"line":587,"column":21}},"334":{"start":{"line":583,"column":24},"end":{"line":583,"column":85}},"335":{"start":{"line":585,"column":25},"end":{"line":587,"column":21}},"336":{"start":{"line":586,"column":24},"end":{"line":586,"column":69}},"337":{"start":{"line":590,"column":16},"end":{"line":590,"column":25}},"338":{"start":{"line":593,"column":16},"end":{"line":595,"column":17}},"339":{"start":{"line":594,"column":20},"end":{"line":594,"column":34}},"340":{"start":{"line":596,"column":16},"end":{"line":596,"column":45}},"341":{"start":{"line":598,"column":12},"end":{"line":620,"column":13}},"342":{"start":{"line":600,"column":16},"end":{"line":617,"column":17}},"343":{"start":{"line":601,"column":20},"end":{"line":603,"column":21}},"344":{"start":{"line":602,"column":24},"end":{"line":602,"column":28}},"345":{"start":{"line":604,"column":20},"end":{"line":616,"column":21}},"346":{"start":{"line":605,"column":24},"end":{"line":608,"column":25}},"347":{"start":{"line":607,"column":28},"end":{"line":607,"column":82}},"348":{"start":{"line":610,"column":25},"end":{"line":616,"column":21}},"349":{"start":{"line":612,"column":24},"end":{"line":612,"column":85}},"350":{"start":{"line":614,"column":25},"end":{"line":616,"column":21}},"351":{"start":{"line":615,"column":24},"end":{"line":615,"column":69}},"352":{"start":{"line":619,"column":16},"end":{"line":619,"column":25}},"353":{"start":{"line":622,"column":8},"end":{"line":639,"column":9}},"354":{"start":{"line":623,"column":12},"end":{"line":625,"column":13}},"355":{"start":{"line":624,"column":16},"end":{"line":624,"column":20}},"356":{"start":{"line":626,"column":12},"end":{"line":638,"column":13}},"357":{"start":{"line":627,"column":16},"end":{"line":630,"column":17}},"358":{"start":{"line":629,"column":20},"end":{"line":629,"column":74}},"359":{"start":{"line":632,"column":17},"end":{"line":638,"column":13}},"360":{"start":{"line":634,"column":16},"end":{"line":634,"column":77}},"361":{"start":{"line":636,"column":17},"end":{"line":638,"column":13}},"362":{"start":{"line":637,"column":16},"end":{"line":637,"column":61}},"363":{"start":{"line":640,"column":8},"end":{"line":640,"column":17}},"364":{"start":{"line":643,"column":8},"end":{"line":643,"column":74}},"365":{"start":{"line":646,"column":8},"end":{"line":646,"column":125}},"366":{"start":{"line":649,"column":8},"end":{"line":649,"column":168}},"367":{"start":{"line":652,"column":8},"end":{"line":652,"column":115}},"368":{"start":{"line":655,"column":8},"end":{"line":655,"column":86}},"369":{"start":{"line":658,"column":8},"end":{"line":658,"column":95}},"370":{"start":{"line":661,"column":8},"end":{"line":661,"column":124}},"371":{"start":{"line":664,"column":8},"end":{"line":664,"column":84}},"372":{"start":{"line":667,"column":8},"end":{"line":667,"column":81}},"373":{"start":{"line":670,"column":8},"end":{"line":670,"column":129}},"374":{"start":{"line":673,"column":8},"end":{"line":673,"column":118}},"375":{"start":{"line":676,"column":8},"end":{"line":676,"column":114}},"376":{"start":{"line":679,"column":8},"end":{"line":679,"column":91}},"377":{"start":{"line":682,"column":8},"end":{"line":682,"column":120}},"378":{"start":{"line":685,"column":8},"end":{"line":687,"column":9}},"379":{"start":{"line":686,"column":12},"end":{"line":686,"column":42}},"380":{"start":{"line":688,"column":8},"end":{"line":697,"column":10}},"381":{"start":{"line":700,"column":0},"end":{"line":700,"column":30}}},"fnMap":{"0":{"name":"(anonymous_0)","decl":{"start":{"line":10,"column":1},"end":{"line":10,"column":2}},"loc":{"start":{"line":10,"column":27},"end":{"line":15,"column":1}},"line":10},"1":{"name":"(anonymous_1)","decl":{"start":{"line":17,"column":4},"end":{"line":17,"column":5}},"loc":{"start":{"line":17,"column":18},"end":{"line":37,"column":5}},"line":17},"2":{"name":"(anonymous_2)","decl":{"start":{"line":38,"column":4},"end":{"line":38,"column":5}},"loc":{"start":{"line":38,"column":44},"end":{"line":42,"column":5}},"line":38},"3":{"name":"(anonymous_3)","decl":{"start":{"line":43,"column":4},"end":{"line":43,"column":5}},"loc":{"start":{"line":43,"column":35},"end":{"line":135,"column":5}},"line":43},"4":{"name":"(anonymous_4)","decl":{"start":{"line":136,"column":4},"end":{"line":136,"column":5}},"loc":{"start":{"line":136,"column":33},"end":{"line":305,"column":5}},"line":136},"5":{"name":"(anonymous_5)","decl":{"start":{"line":306,"column":4},"end":{"line":306,"column":5}},"loc":{"start":{"line":306,"column":102},"end":{"line":322,"column":5}},"line":306},"6":{"name":"(anonymous_6)","decl":{"start":{"line":323,"column":4},"end":{"line":323,"column":5}},"loc":{"start":{"line":323,"column":59},"end":{"line":332,"column":5}},"line":323},"7":{"name":"(anonymous_7)","decl":{"start":{"line":324,"column":86},"end":{"line":324,"column":87}},"loc":{"start":{"line":324,"column":104},"end":{"line":331,"column":9}},"line":324},"8":{"name":"(anonymous_8)","decl":{"start":{"line":333,"column":4},"end":{"line":333,"column":5}},"loc":{"start":{"line":333,"column":96},"end":{"line":421,"column":5}},"line":333},"9":{"name":"(anonymous_9)","decl":{"start":{"line":422,"column":4},"end":{"line":422,"column":5}},"loc":{"start":{"line":422,"column":63},"end":{"line":437,"column":5}},"line":422},"10":{"name":"(anonymous_10)","decl":{"start":{"line":438,"column":4},"end":{"line":438,"column":5}},"loc":{"start":{"line":438,"column":63},"end":{"line":450,"column":5}},"line":438},"11":{"name":"(anonymous_11)","decl":{"start":{"line":439,"column":83},"end":{"line":439,"column":84}},"loc":{"start":{"line":439,"column":101},"end":{"line":449,"column":9}},"line":439},"12":{"name":"(anonymous_12)","decl":{"start":{"line":451,"column":4},"end":{"line":451,"column":5}},"loc":{"start":{"line":451,"column":59},"end":{"line":472,"column":5}},"line":451},"13":{"name":"(anonymous_13)","decl":{"start":{"line":473,"column":4},"end":{"line":473,"column":5}},"loc":{"start":{"line":473,"column":46},"end":{"line":535,"column":5}},"line":473},"14":{"name":"(anonymous_14)","decl":{"start":{"line":536,"column":4},"end":{"line":536,"column":5}},"loc":{"start":{"line":536,"column":75},"end":{"line":542,"column":5}},"line":536},"15":{"name":"(anonymous_15)","decl":{"start":{"line":537,"column":83},"end":{"line":537,"column":84}},"loc":{"start":{"line":537,"column":95},"end":{"line":539,"column":9}},"line":537},"16":{"name":"(anonymous_16)","decl":{"start":{"line":539,"column":11},"end":{"line":539,"column":12}},"loc":{"start":{"line":539,"column":23},"end":{"line":541,"column":9}},"line":539},"17":{"name":"(anonymous_17)","decl":{"start":{"line":543,"column":4},"end":{"line":543,"column":5}},"loc":{"start":{"line":543,"column":93},"end":{"line":641,"column":5}},"line":543},"18":{"name":"(anonymous_18)","decl":{"start":{"line":642,"column":4},"end":{"line":642,"column":5}},"loc":{"start":{"line":642,"column":24},"end":{"line":644,"column":5}},"line":642},"19":{"name":"(anonymous_19)","decl":{"start":{"line":645,"column":4},"end":{"line":645,"column":5}},"loc":{"start":{"line":645,"column":50},"end":{"line":647,"column":5}},"line":645},"20":{"name":"(anonymous_20)","decl":{"start":{"line":648,"column":4},"end":{"line":648,"column":5}},"loc":{"start":{"line":648,"column":52},"end":{"line":650,"column":5}},"line":648},"21":{"name":"(anonymous_21)","decl":{"start":{"line":651,"column":4},"end":{"line":651,"column":5}},"loc":{"start":{"line":651,"column":40},"end":{"line":653,"column":5}},"line":651},"22":{"name":"(anonymous_22)","decl":{"start":{"line":654,"column":4},"end":{"line":654,"column":5}},"loc":{"start":{"line":654,"column":40},"end":{"line":656,"column":5}},"line":654},"23":{"name":"(anonymous_23)","decl":{"start":{"line":657,"column":4},"end":{"line":657,"column":5}},"loc":{"start":{"line":657,"column":38},"end":{"line":659,"column":5}},"line":657},"24":{"name":"(anonymous_24)","decl":{"start":{"line":660,"column":4},"end":{"line":660,"column":5}},"loc":{"start":{"line":660,"column":36},"end":{"line":662,"column":5}},"line":660},"25":{"name":"(anonymous_25)","decl":{"start":{"line":663,"column":4},"end":{"line":663,"column":5}},"loc":{"start":{"line":663,"column":38},"end":{"line":665,"column":5}},"line":663},"26":{"name":"(anonymous_26)","decl":{"start":{"line":666,"column":4},"end":{"line":666,"column":5}},"loc":{"start":{"line":666,"column":35},"end":{"line":668,"column":5}},"line":666},"27":{"name":"(anonymous_27)","decl":{"start":{"line":669,"column":4},"end":{"line":669,"column":5}},"loc":{"start":{"line":669,"column":54},"end":{"line":671,"column":5}},"line":669},"28":{"name":"(anonymous_28)","decl":{"start":{"line":672,"column":4},"end":{"line":672,"column":5}},"loc":{"start":{"line":672,"column":47},"end":{"line":674,"column":5}},"line":672},"29":{"name":"(anonymous_29)","decl":{"start":{"line":675,"column":4},"end":{"line":675,"column":5}},"loc":{"start":{"line":675,"column":43},"end":{"line":677,"column":5}},"line":675},"30":{"name":"(anonymous_30)","decl":{"start":{"line":678,"column":4},"end":{"line":678,"column":5}},"loc":{"start":{"line":678,"column":43},"end":{"line":680,"column":5}},"line":678},"31":{"name":"(anonymous_31)","decl":{"start":{"line":681,"column":4},"end":{"line":681,"column":5}},"loc":{"start":{"line":681,"column":49},"end":{"line":683,"column":5}},"line":681},"32":{"name":"(anonymous_32)","decl":{"start":{"line":684,"column":4},"end":{"line":684,"column":5}},"loc":{"start":{"line":684,"column":62},"end":{"line":698,"column":5}},"line":684}},"branchMap":{"0":{"loc":{"start":{"line":15,"column":20},"end":{"line":15,"column":75}},"type":"binary-expr","locations":[{"start":{"line":15,"column":20},"end":{"line":15,"column":42}},{"start":{"line":15,"column":47},"end":{"line":15,"column":74}}],"line":15},"1":{"loc":{"start":{"line":41,"column":15},"end":{"line":41,"column":149}},"type":"binary-expr","locations":[{"start":{"line":41,"column":15},"end":{"line":41,"column":45}},{"start":{"line":41,"column":49},"end":{"line":41,"column":75}},{"start":{"line":41,"column":80},"end":{"line":41,"column":112}},{"start":{"line":41,"column":116},"end":{"line":41,"column":148}}],"line":41},"2":{"loc":{"start":{"line":51,"column":12},"end":{"line":129,"column":13}},"type":"switch","locations":[{"start":{"line":52,"column":16},"end":{"line":55,"column":26}},{"start":{"line":56,"column":16},"end":{"line":56,"column":25}},{"start":{"line":57,"column":16},"end":{"line":59,"column":29}},{"start":{"line":60,"column":16},"end":{"line":60,"column":26}},{"start":{"line":61,"column":16},"end":{"line":64,"column":41}},{"start":{"line":65,"column":16},"end":{"line":118,"column":41}},{"start":{"line":119,"column":16},"end":{"line":128,"column":41}}],"line":51},"3":{"loc":{"start":{"line":67,"column":20},"end":{"line":117,"column":21}},"type":"if","locations":[{"start":{"line":67,"column":20},"end":{"line":117,"column":21}},{"start":{"line":67,"column":20},"end":{"line":117,"column":21}}],"line":67},"4":{"loc":{"start":{"line":67,"column":24},"end":{"line":67,"column":57}},"type":"binary-expr","locations":[{"start":{"line":67,"column":24},"end":{"line":67,"column":33}},{"start":{"line":67,"column":37},"end":{"line":67,"column":57}}],"line":67},"5":{"loc":{"start":{"line":69,"column":24},"end":{"line":80,"column":25}},"type":"if","locations":[{"start":{"line":69,"column":24},"end":{"line":80,"column":25}},{"start":{"line":69,"column":24},"end":{"line":80,"column":25}}],"line":69},"6":{"loc":{"start":{"line":75,"column":32},"end":{"line":78,"column":33}},"type":"if","locations":[{"start":{"line":75,"column":32},"end":{"line":78,"column":33}},{"start":{"line":75,"column":32},"end":{"line":78,"column":33}}],"line":75},"7":{"loc":{"start":{"line":75,"column":36},"end":{"line":75,"column":110}},"type":"binary-expr","locations":[{"start":{"line":75,"column":36},"end":{"line":75,"column":54}},{"start":{"line":75,"column":58},"end":{"line":75,"column":82}},{"start":{"line":75,"column":86},"end":{"line":75,"column":110}}],"line":75},"8":{"loc":{"start":{"line":84,"column":28},"end":{"line":95,"column":29}},"type":"if","locations":[{"start":{"line":84,"column":28},"end":{"line":95,"column":29}},{"start":{"line":84,"column":28},"end":{"line":95,"column":29}}],"line":84},"9":{"loc":{"start":{"line":87,"column":32},"end":{"line":93,"column":33}},"type":"if","locations":[{"start":{"line":87,"column":32},"end":{"line":93,"column":33}},{"start":{"line":87,"column":32},"end":{"line":93,"column":33}}],"line":87},"10":{"loc":{"start":{"line":87,"column":36},"end":{"line":87,"column":67}},"type":"binary-expr","locations":[{"start":{"line":87,"column":36},"end":{"line":87,"column":49}},{"start":{"line":87,"column":53},"end":{"line":87,"column":67}}],"line":87},"11":{"loc":{"start":{"line":96,"column":28},"end":{"line":115,"column":29}},"type":"switch","locations":[{"start":{"line":97,"column":32},"end":{"line":97,"column":42}},{"start":{"line":98,"column":32},"end":{"line":109,"column":57}},{"start":{"line":110,"column":32},"end":{"line":114,"column":42}}],"line":96},"12":{"loc":{"start":{"line":99,"column":36},"end":{"line":107,"column":37}},"type":"if","locations":[{"start":{"line":99,"column":36},"end":{"line":107,"column":37}},{"start":{"line":99,"column":36},"end":{"line":107,"column":37}}],"line":99},"13":{"loc":{"start":{"line":101,"column":40},"end":{"line":106,"column":41}},"type":"if","locations":[{"start":{"line":101,"column":40},"end":{"line":106,"column":41}},{"start":{"line":101,"column":40},"end":{"line":106,"column":41}}],"line":101},"14":{"loc":{"start":{"line":101,"column":44},"end":{"line":101,"column":75}},"type":"binary-expr","locations":[{"start":{"line":101,"column":44},"end":{"line":101,"column":57}},{"start":{"line":101,"column":61},"end":{"line":101,"column":75}}],"line":101},"15":{"loc":{"start":{"line":111,"column":36},"end":{"line":113,"column":37}},"type":"if","locations":[{"start":{"line":111,"column":36},"end":{"line":113,"column":37}},{"start":{"line":111,"column":36},"end":{"line":113,"column":37}}],"line":111},"16":{"loc":{"start":{"line":120,"column":20},"end":{"line":127,"column":21}},"type":"if","locations":[{"start":{"line":120,"column":20},"end":{"line":127,"column":21}},{"start":{"line":120,"column":20},"end":{"line":127,"column":21}}],"line":120},"17":{"loc":{"start":{"line":122,"column":24},"end":{"line":124,"column":25}},"type":"if","locations":[{"start":{"line":122,"column":24},"end":{"line":124,"column":25}},{"start":{"line":122,"column":24},"end":{"line":124,"column":25}}],"line":122},"18":{"loc":{"start":{"line":147,"column":12},"end":{"line":149,"column":13}},"type":"if","locations":[{"start":{"line":147,"column":12},"end":{"line":149,"column":13}},{"start":{"line":147,"column":12},"end":{"line":149,"column":13}}],"line":147},"19":{"loc":{"start":{"line":150,"column":12},"end":{"line":163,"column":13}},"type":"if","locations":[{"start":{"line":150,"column":12},"end":{"line":163,"column":13}},{"start":{"line":150,"column":12},"end":{"line":163,"column":13}}],"line":150},"20":{"loc":{"start":{"line":153,"column":20},"end":{"line":156,"column":21}},"type":"if","locations":[{"start":{"line":153,"column":20},"end":{"line":156,"column":21}},{"start":{"line":153,"column":20},"end":{"line":156,"column":21}}],"line":153},"21":{"loc":{"start":{"line":153,"column":24},"end":{"line":153,"column":74}},"type":"binary-expr","locations":[{"start":{"line":153,"column":24},"end":{"line":153,"column":47}},{"start":{"line":153,"column":51},"end":{"line":153,"column":74}}],"line":153},"22":{"loc":{"start":{"line":158,"column":16},"end":{"line":161,"column":17}},"type":"if","locations":[{"start":{"line":158,"column":16},"end":{"line":161,"column":17}},{"start":{"line":158,"column":16},"end":{"line":161,"column":17}}],"line":158},"23":{"loc":{"start":{"line":168,"column":16},"end":{"line":180,"column":17}},"type":"if","locations":[{"start":{"line":168,"column":16},"end":{"line":180,"column":17}},{"start":{"line":168,"column":16},"end":{"line":180,"column":17}}],"line":168},"24":{"loc":{"start":{"line":171,"column":20},"end":{"line":173,"column":21}},"type":"if","locations":[{"start":{"line":171,"column":20},"end":{"line":173,"column":21}},{"start":{"line":171,"column":20},"end":{"line":173,"column":21}}],"line":171},"25":{"loc":{"start":{"line":171,"column":24},"end":{"line":171,"column":78}},"type":"binary-expr","locations":[{"start":{"line":171,"column":24},"end":{"line":171,"column":47}},{"start":{"line":171,"column":51},"end":{"line":171,"column":78}}],"line":171},"26":{"loc":{"start":{"line":174,"column":20},"end":{"line":177,"column":21}},"type":"if","locations":[{"start":{"line":174,"column":20},"end":{"line":177,"column":21}},{"start":{"line":174,"column":20},"end":{"line":177,"column":21}}],"line":174},"27":{"loc":{"start":{"line":181,"column":16},"end":{"line":298,"column":17}},"type":"if","locations":[{"start":{"line":181,"column":16},"end":{"line":298,"column":17}},{"start":{"line":181,"column":16},"end":{"line":298,"column":17}}],"line":181},"28":{"loc":{"start":{"line":181,"column":20},"end":{"line":181,"column":87}},"type":"binary-expr","locations":[{"start":{"line":181,"column":20},"end":{"line":181,"column":62}},{"start":{"line":181,"column":66},"end":{"line":181,"column":87}}],"line":181},"29":{"loc":{"start":{"line":183,"column":20},"end":{"line":190,"column":21}},"type":"if","locations":[{"start":{"line":183,"column":20},"end":{"line":190,"column":21}},{"start":{"line":183,"column":20},"end":{"line":190,"column":21}}],"line":183},"30":{"loc":{"start":{"line":183,"column":24},"end":{"line":183,"column":92}},"type":"binary-expr","locations":[{"start":{"line":183,"column":24},"end":{"line":183,"column":45}},{"start":{"line":183,"column":49},"end":{"line":183,"column":92}}],"line":183},"31":{"loc":{"start":{"line":192,"column":20},"end":{"line":200,"column":21}},"type":"if","locations":[{"start":{"line":192,"column":20},"end":{"line":200,"column":21}},{"start":{"line":192,"column":20},"end":{"line":200,"column":21}}],"line":192},"32":{"loc":{"start":{"line":193,"column":24},"end":{"line":198,"column":25}},"type":"if","locations":[{"start":{"line":193,"column":24},"end":{"line":198,"column":25}},{"start":{"line":193,"column":24},"end":{"line":198,"column":25}}],"line":193},"33":{"loc":{"start":{"line":201,"column":20},"end":{"line":209,"column":21}},"type":"if","locations":[{"start":{"line":201,"column":20},"end":{"line":209,"column":21}},{"start":{"line":201,"column":20},"end":{"line":209,"column":21}}],"line":201},"34":{"loc":{"start":{"line":203,"column":24},"end":{"line":208,"column":25}},"type":"if","locations":[{"start":{"line":203,"column":24},"end":{"line":208,"column":25}},{"start":{"line":203,"column":24},"end":{"line":208,"column":25}}],"line":203},"35":{"loc":{"start":{"line":212,"column":20},"end":{"line":288,"column":21}},"type":"switch","locations":[{"start":{"line":213,"column":24},"end":{"line":215,"column":34}},{"start":{"line":216,"column":24},"end":{"line":219,"column":34}},{"start":{"line":220,"column":24},"end":{"line":222,"column":34}},{"start":{"line":223,"column":24},"end":{"line":225,"column":34}},{"start":{"line":226,"column":24},"end":{"line":228,"column":34}},{"start":{"line":229,"column":24},"end":{"line":231,"column":34}},{"start":{"line":232,"column":24},"end":{"line":234,"column":34}},{"start":{"line":235,"column":24},"end":{"line":287,"column":34}}],"line":212},"36":{"loc":{"start":{"line":236,"column":28},"end":{"line":286,"column":29}},"type":"if","locations":[{"start":{"line":236,"column":28},"end":{"line":286,"column":29}},{"start":{"line":236,"column":28},"end":{"line":286,"column":29}}],"line":236},"37":{"loc":{"start":{"line":241,"column":36},"end":{"line":244,"column":37}},"type":"if","locations":[{"start":{"line":241,"column":36},"end":{"line":244,"column":37}},{"start":{"line":241,"column":36},"end":{"line":244,"column":37}}],"line":241},"38":{"loc":{"start":{"line":245,"column":36},"end":{"line":253,"column":37}},"type":"if","locations":[{"start":{"line":245,"column":36},"end":{"line":253,"column":37}},{"start":{"line":245,"column":36},"end":{"line":253,"column":37}}],"line":245},"39":{"loc":{"start":{"line":245,"column":40},"end":{"line":245,"column":90}},"type":"binary-expr","locations":[{"start":{"line":245,"column":40},"end":{"line":245,"column":63}},{"start":{"line":245,"column":67},"end":{"line":245,"column":90}}],"line":245},"40":{"loc":{"start":{"line":250,"column":41},"end":{"line":253,"column":37}},"type":"if","locations":[{"start":{"line":250,"column":41},"end":{"line":253,"column":37}},{"start":{"line":250,"column":41},"end":{"line":253,"column":37}}],"line":250},"41":{"loc":{"start":{"line":257,"column":32},"end":{"line":260,"column":33}},"type":"if","locations":[{"start":{"line":257,"column":32},"end":{"line":260,"column":33}},{"start":{"line":257,"column":32},"end":{"line":260,"column":33}}],"line":257},"42":{"loc":{"start":{"line":263,"column":36},"end":{"line":279,"column":37}},"type":"if","locations":[{"start":{"line":263,"column":36},"end":{"line":279,"column":37}},{"start":{"line":263,"column":36},"end":{"line":279,"column":37}}],"line":263},"43":{"loc":{"start":{"line":265,"column":40},"end":{"line":267,"column":41}},"type":"if","locations":[{"start":{"line":265,"column":40},"end":{"line":267,"column":41}},{"start":{"line":265,"column":40},"end":{"line":267,"column":41}}],"line":265},"44":{"loc":{"start":{"line":265,"column":44},"end":{"line":265,"column":98}},"type":"binary-expr","locations":[{"start":{"line":265,"column":44},"end":{"line":265,"column":67}},{"start":{"line":265,"column":71},"end":{"line":265,"column":98}}],"line":265},"45":{"loc":{"start":{"line":270,"column":41},"end":{"line":279,"column":37}},"type":"if","locations":[{"start":{"line":270,"column":41},"end":{"line":279,"column":37}},{"start":{"line":270,"column":41},"end":{"line":279,"column":37}}],"line":270},"46":{"loc":{"start":{"line":270,"column":45},"end":{"line":270,"column":95}},"type":"binary-expr","locations":[{"start":{"line":270,"column":45},"end":{"line":270,"column":68}},{"start":{"line":270,"column":72},"end":{"line":270,"column":95}}],"line":270},"47":{"loc":{"start":{"line":271,"column":40},"end":{"line":273,"column":41}},"type":"if","locations":[{"start":{"line":271,"column":40},"end":{"line":273,"column":41}},{"start":{"line":271,"column":40},"end":{"line":273,"column":41}}],"line":271},"48":{"loc":{"start":{"line":277,"column":41},"end":{"line":279,"column":37}},"type":"if","locations":[{"start":{"line":277,"column":41},"end":{"line":279,"column":37}},{"start":{"line":277,"column":41},"end":{"line":279,"column":37}}],"line":277},"49":{"loc":{"start":{"line":277,"column":45},"end":{"line":277,"column":94}},"type":"binary-expr","locations":[{"start":{"line":277,"column":45},"end":{"line":277,"column":67}},{"start":{"line":277,"column":71},"end":{"line":277,"column":94}}],"line":277},"50":{"loc":{"start":{"line":282,"column":32},"end":{"line":284,"column":33}},"type":"if","locations":[{"start":{"line":282,"column":32},"end":{"line":284,"column":33}},{"start":{"line":282,"column":32},"end":{"line":284,"column":33}}],"line":282},"51":{"loc":{"start":{"line":289,"column":20},"end":{"line":292,"column":21}},"type":"if","locations":[{"start":{"line":289,"column":20},"end":{"line":292,"column":21}},{"start":{"line":289,"column":20},"end":{"line":292,"column":21}}],"line":289},"52":{"loc":{"start":{"line":289,"column":24},"end":{"line":289,"column":72}},"type":"binary-expr","locations":[{"start":{"line":289,"column":24},"end":{"line":289,"column":60}},{"start":{"line":289,"column":64},"end":{"line":289,"column":72}}],"line":289},"53":{"loc":{"start":{"line":301,"column":8},"end":{"line":303,"column":9}},"type":"if","locations":[{"start":{"line":301,"column":8},"end":{"line":303,"column":9}},{"start":{"line":301,"column":8},"end":{"line":303,"column":9}}],"line":301},"54":{"loc":{"start":{"line":307,"column":8},"end":{"line":309,"column":9}},"type":"if","locations":[{"start":{"line":307,"column":8},"end":{"line":309,"column":9}},{"start":{"line":307,"column":8},"end":{"line":309,"column":9}}],"line":307},"55":{"loc":{"start":{"line":307,"column":12},"end":{"line":307,"column":84}},"type":"binary-expr","locations":[{"start":{"line":307,"column":12},"end":{"line":307,"column":55}},{"start":{"line":307,"column":59},"end":{"line":307,"column":84}}],"line":307},"56":{"loc":{"start":{"line":310,"column":8},"end":{"line":318,"column":9}},"type":"if","locations":[{"start":{"line":310,"column":8},"end":{"line":318,"column":9}},{"start":{"line":310,"column":8},"end":{"line":318,"column":9}}],"line":310},"57":{"loc":{"start":{"line":315,"column":12},"end":{"line":317,"column":13}},"type":"if","locations":[{"start":{"line":315,"column":12},"end":{"line":317,"column":13}},{"start":{"line":315,"column":12},"end":{"line":317,"column":13}}],"line":315},"58":{"loc":{"start":{"line":319,"column":8},"end":{"line":321,"column":9}},"type":"if","locations":[{"start":{"line":319,"column":8},"end":{"line":321,"column":9}},{"start":{"line":319,"column":8},"end":{"line":321,"column":9}}],"line":319},"59":{"loc":{"start":{"line":319,"column":12},"end":{"line":319,"column":55}},"type":"binary-expr","locations":[{"start":{"line":319,"column":12},"end":{"line":319,"column":20}},{"start":{"line":319,"column":24},"end":{"line":319,"column":55}}],"line":319},"60":{"loc":{"start":{"line":326,"column":16},"end":{"line":328,"column":17}},"type":"if","locations":[{"start":{"line":326,"column":16},"end":{"line":328,"column":17}},{"start":{"line":326,"column":16},"end":{"line":328,"column":17}}],"line":326},"61":{"loc":{"start":{"line":326,"column":20},"end":{"line":326,"column":98}},"type":"binary-expr","locations":[{"start":{"line":326,"column":20},"end":{"line":326,"column":44}},{"start":{"line":326,"column":49},"end":{"line":326,"column":71}},{"start":{"line":326,"column":75},"end":{"line":326,"column":97}}],"line":326},"62":{"loc":{"start":{"line":330,"column":19},"end":{"line":330,"column":87}},"type":"binary-expr","locations":[{"start":{"line":330,"column":19},"end":{"line":330,"column":43}},{"start":{"line":330,"column":47},"end":{"line":330,"column":87}}],"line":330},"63":{"loc":{"start":{"line":340,"column":12},"end":{"line":346,"column":13}},"type":"if","locations":[{"start":{"line":340,"column":12},"end":{"line":346,"column":13}},{"start":{"line":340,"column":12},"end":{"line":346,"column":13}}],"line":340},"64":{"loc":{"start":{"line":342,"column":16},"end":{"line":344,"column":17}},"type":"if","locations":[{"start":{"line":342,"column":16},"end":{"line":344,"column":17}},{"start":{"line":342,"column":16},"end":{"line":344,"column":17}}],"line":342},"65":{"loc":{"start":{"line":342,"column":20},"end":{"line":342,"column":74}},"type":"binary-expr","locations":[{"start":{"line":342,"column":20},"end":{"line":342,"column":43}},{"start":{"line":342,"column":47},"end":{"line":342,"column":74}}],"line":342},"66":{"loc":{"start":{"line":347,"column":12},"end":{"line":382,"column":13}},"type":"if","locations":[{"start":{"line":347,"column":12},"end":{"line":382,"column":13}},{"start":{"line":347,"column":12},"end":{"line":382,"column":13}}],"line":347},"67":{"loc":{"start":{"line":347,"column":16},"end":{"line":347,"column":65}},"type":"binary-expr","locations":[{"start":{"line":347,"column":16},"end":{"line":347,"column":38}},{"start":{"line":347,"column":42},"end":{"line":347,"column":65}}],"line":347},"68":{"loc":{"start":{"line":348,"column":16},"end":{"line":354,"column":17}},"type":"if","locations":[{"start":{"line":348,"column":16},"end":{"line":354,"column":17}},{"start":{"line":348,"column":16},"end":{"line":354,"column":17}}],"line":348},"69":{"loc":{"start":{"line":348,"column":20},"end":{"line":348,"column":48}},"type":"binary-expr","locations":[{"start":{"line":348,"column":20},"end":{"line":348,"column":28}},{"start":{"line":348,"column":32},"end":{"line":348,"column":48}}],"line":348},"70":{"loc":{"start":{"line":350,"column":20},"end":{"line":353,"column":21}},"type":"if","locations":[{"start":{"line":350,"column":20},"end":{"line":353,"column":21}},{"start":{"line":350,"column":20},"end":{"line":353,"column":21}}],"line":350},"71":{"loc":{"start":{"line":358,"column":17},"end":{"line":382,"column":13}},"type":"if","locations":[{"start":{"line":358,"column":17},"end":{"line":382,"column":13}},{"start":{"line":358,"column":17},"end":{"line":382,"column":13}}],"line":358},"72":{"loc":{"start":{"line":358,"column":21},"end":{"line":358,"column":71}},"type":"binary-expr","locations":[{"start":{"line":358,"column":21},"end":{"line":358,"column":44}},{"start":{"line":358,"column":48},"end":{"line":358,"column":71}}],"line":358},"73":{"loc":{"start":{"line":359,"column":16},"end":{"line":369,"column":17}},"type":"if","locations":[{"start":{"line":359,"column":16},"end":{"line":369,"column":17}},{"start":{"line":359,"column":16},"end":{"line":369,"column":17}}],"line":359},"74":{"loc":{"start":{"line":360,"column":20},"end":{"line":368,"column":21}},"type":"if","locations":[{"start":{"line":360,"column":20},"end":{"line":368,"column":21}},{"start":{"line":360,"column":20},"end":{"line":368,"column":21}}],"line":360},"75":{"loc":{"start":{"line":361,"column":24},"end":{"line":364,"column":25}},"type":"if","locations":[{"start":{"line":361,"column":24},"end":{"line":364,"column":25}},{"start":{"line":361,"column":24},"end":{"line":364,"column":25}}],"line":361},"76":{"loc":{"start":{"line":366,"column":25},"end":{"line":368,"column":21}},"type":"if","locations":[{"start":{"line":366,"column":25},"end":{"line":368,"column":21}},{"start":{"line":366,"column":25},"end":{"line":368,"column":21}}],"line":366},"77":{"loc":{"start":{"line":374,"column":16},"end":{"line":380,"column":17}},"type":"if","locations":[{"start":{"line":374,"column":16},"end":{"line":380,"column":17}},{"start":{"line":374,"column":16},"end":{"line":380,"column":17}}],"line":374},"78":{"loc":{"start":{"line":383,"column":12},"end":{"line":402,"column":13}},"type":"if","locations":[{"start":{"line":383,"column":12},"end":{"line":402,"column":13}},{"start":{"line":383,"column":12},"end":{"line":402,"column":13}}],"line":383},"79":{"loc":{"start":{"line":385,"column":16},"end":{"line":399,"column":17}},"type":"if","locations":[{"start":{"line":385,"column":16},"end":{"line":399,"column":17}},{"start":{"line":385,"column":16},"end":{"line":399,"column":17}}],"line":385},"80":{"loc":{"start":{"line":386,"column":20},"end":{"line":389,"column":21}},"type":"if","locations":[{"start":{"line":386,"column":20},"end":{"line":389,"column":21}},{"start":{"line":386,"column":20},"end":{"line":389,"column":21}}],"line":386},"81":{"loc":{"start":{"line":386,"column":24},"end":{"line":386,"column":86}},"type":"binary-expr","locations":[{"start":{"line":386,"column":24},"end":{"line":386,"column":39}},{"start":{"line":386,"column":43},"end":{"line":386,"column":86}}],"line":386},"82":{"loc":{"start":{"line":390,"column":20},"end":{"line":398,"column":21}},"type":"if","locations":[{"start":{"line":390,"column":20},"end":{"line":398,"column":21}},{"start":{"line":390,"column":20},"end":{"line":398,"column":21}}],"line":390},"83":{"loc":{"start":{"line":391,"column":24},"end":{"line":394,"column":25}},"type":"if","locations":[{"start":{"line":391,"column":24},"end":{"line":394,"column":25}},{"start":{"line":391,"column":24},"end":{"line":394,"column":25}}],"line":391},"84":{"loc":{"start":{"line":396,"column":25},"end":{"line":398,"column":21}},"type":"if","locations":[{"start":{"line":396,"column":25},"end":{"line":398,"column":21}},{"start":{"line":396,"column":25},"end":{"line":398,"column":21}}],"line":396},"85":{"loc":{"start":{"line":405,"column":8},"end":{"line":419,"column":9}},"type":"if","locations":[{"start":{"line":405,"column":8},"end":{"line":419,"column":9}},{"start":{"line":405,"column":8},"end":{"line":419,"column":9}}],"line":405},"86":{"loc":{"start":{"line":406,"column":12},"end":{"line":409,"column":13}},"type":"if","locations":[{"start":{"line":406,"column":12},"end":{"line":409,"column":13}},{"start":{"line":406,"column":12},"end":{"line":409,"column":13}}],"line":406},"87":{"loc":{"start":{"line":406,"column":16},"end":{"line":406,"column":78}},"type":"binary-expr","locations":[{"start":{"line":406,"column":16},"end":{"line":406,"column":31}},{"start":{"line":406,"column":35},"end":{"line":406,"column":78}}],"line":406},"88":{"loc":{"start":{"line":410,"column":12},"end":{"line":418,"column":13}},"type":"if","locations":[{"start":{"line":410,"column":12},"end":{"line":418,"column":13}},{"start":{"line":410,"column":12},"end":{"line":418,"column":13}}],"line":410},"89":{"loc":{"start":{"line":411,"column":16},"end":{"line":414,"column":17}},"type":"if","locations":[{"start":{"line":411,"column":16},"end":{"line":414,"column":17}},{"start":{"line":411,"column":16},"end":{"line":414,"column":17}}],"line":411},"90":{"loc":{"start":{"line":416,"column":17},"end":{"line":418,"column":13}},"type":"if","locations":[{"start":{"line":416,"column":17},"end":{"line":418,"column":13}},{"start":{"line":416,"column":17},"end":{"line":418,"column":13}}],"line":416},"91":{"loc":{"start":{"line":425,"column":12},"end":{"line":431,"column":13}},"type":"if","locations":[{"start":{"line":425,"column":12},"end":{"line":431,"column":13}},{"start":{"line":425,"column":12},"end":{"line":431,"column":13}}],"line":425},"92":{"loc":{"start":{"line":427,"column":16},"end":{"line":429,"column":17}},"type":"if","locations":[{"start":{"line":427,"column":16},"end":{"line":429,"column":17}},{"start":{"line":427,"column":16},"end":{"line":429,"column":17}}],"line":427},"93":{"loc":{"start":{"line":427,"column":20},"end":{"line":427,"column":74}},"type":"binary-expr","locations":[{"start":{"line":427,"column":20},"end":{"line":427,"column":43}},{"start":{"line":427,"column":47},"end":{"line":427,"column":74}}],"line":427},"94":{"loc":{"start":{"line":432,"column":12},"end":{"line":434,"column":13}},"type":"if","locations":[{"start":{"line":432,"column":12},"end":{"line":434,"column":13}},{"start":{"line":432,"column":12},"end":{"line":434,"column":13}}],"line":432},"95":{"loc":{"start":{"line":432,"column":16},"end":{"line":432,"column":66}},"type":"binary-expr","locations":[{"start":{"line":432,"column":16},"end":{"line":432,"column":39}},{"start":{"line":432,"column":43},"end":{"line":432,"column":66}}],"line":432},"96":{"loc":{"start":{"line":440,"column":12},"end":{"line":442,"column":13}},"type":"if","locations":[{"start":{"line":440,"column":12},"end":{"line":442,"column":13}},{"start":{"line":440,"column":12},"end":{"line":442,"column":13}}],"line":440},"97":{"loc":{"start":{"line":444,"column":16},"end":{"line":446,"column":17}},"type":"if","locations":[{"start":{"line":444,"column":16},"end":{"line":446,"column":17}},{"start":{"line":444,"column":16},"end":{"line":446,"column":17}}],"line":444},"98":{"loc":{"start":{"line":444,"column":20},"end":{"line":444,"column":68}},"type":"binary-expr","locations":[{"start":{"line":444,"column":20},"end":{"line":444,"column":42}},{"start":{"line":444,"column":46},"end":{"line":444,"column":68}}],"line":444},"99":{"loc":{"start":{"line":454,"column":12},"end":{"line":460,"column":13}},"type":"if","locations":[{"start":{"line":454,"column":12},"end":{"line":460,"column":13}},{"start":{"line":454,"column":12},"end":{"line":460,"column":13}}],"line":454},"100":{"loc":{"start":{"line":456,"column":16},"end":{"line":458,"column":17}},"type":"if","locations":[{"start":{"line":456,"column":16},"end":{"line":458,"column":17}},{"start":{"line":456,"column":16},"end":{"line":458,"column":17}}],"line":456},"101":{"loc":{"start":{"line":456,"column":20},"end":{"line":456,"column":74}},"type":"binary-expr","locations":[{"start":{"line":456,"column":20},"end":{"line":456,"column":43}},{"start":{"line":456,"column":47},"end":{"line":456,"column":74}}],"line":456},"102":{"loc":{"start":{"line":461,"column":12},"end":{"line":469,"column":13}},"type":"if","locations":[{"start":{"line":461,"column":12},"end":{"line":469,"column":13}},{"start":{"line":461,"column":12},"end":{"line":469,"column":13}}],"line":461},"103":{"loc":{"start":{"line":461,"column":16},"end":{"line":461,"column":66}},"type":"binary-expr","locations":[{"start":{"line":461,"column":16},"end":{"line":461,"column":39}},{"start":{"line":461,"column":43},"end":{"line":461,"column":66}}],"line":461},"104":{"loc":{"start":{"line":464,"column":17},"end":{"line":469,"column":13}},"type":"if","locations":[{"start":{"line":464,"column":17},"end":{"line":469,"column":13}},{"start":{"line":464,"column":17},"end":{"line":469,"column":13}}],"line":464},"105":{"loc":{"start":{"line":464,"column":21},"end":{"line":464,"column":51}},"type":"binary-expr","locations":[{"start":{"line":464,"column":21},"end":{"line":464,"column":43}},{"start":{"line":464,"column":47},"end":{"line":464,"column":51}}],"line":464},"106":{"loc":{"start":{"line":467,"column":17},"end":{"line":469,"column":13}},"type":"if","locations":[{"start":{"line":467,"column":17},"end":{"line":469,"column":13}},{"start":{"line":467,"column":17},"end":{"line":469,"column":13}}],"line":467},"107":{"loc":{"start":{"line":467,"column":21},"end":{"line":467,"column":70}},"type":"binary-expr","locations":[{"start":{"line":467,"column":21},"end":{"line":467,"column":43}},{"start":{"line":467,"column":47},"end":{"line":467,"column":70}}],"line":467},"108":{"loc":{"start":{"line":481,"column":12},"end":{"line":487,"column":13}},"type":"if","locations":[{"start":{"line":481,"column":12},"end":{"line":487,"column":13}},{"start":{"line":481,"column":12},"end":{"line":487,"column":13}}],"line":481},"109":{"loc":{"start":{"line":481,"column":16},"end":{"line":481,"column":68}},"type":"binary-expr","locations":[{"start":{"line":481,"column":16},"end":{"line":481,"column":25}},{"start":{"line":481,"column":29},"end":{"line":481,"column":68}}],"line":481},"110":{"loc":{"start":{"line":483,"column":16},"end":{"line":485,"column":17}},"type":"if","locations":[{"start":{"line":483,"column":16},"end":{"line":485,"column":17}},{"start":{"line":483,"column":16},"end":{"line":485,"column":17}}],"line":483},"111":{"loc":{"start":{"line":483,"column":20},"end":{"line":483,"column":74}},"type":"binary-expr","locations":[{"start":{"line":483,"column":20},"end":{"line":483,"column":43}},{"start":{"line":483,"column":47},"end":{"line":483,"column":74}}],"line":483},"112":{"loc":{"start":{"line":488,"column":12},"end":{"line":527,"column":13}},"type":"switch","locations":[{"start":{"line":489,"column":16},"end":{"line":497,"column":26}},{"start":{"line":498,"column":16},"end":{"line":498,"column":25}},{"start":{"line":499,"column":16},"end":{"line":501,"column":26}},{"start":{"line":502,"column":16},"end":{"line":507,"column":26}},{"start":{"line":508,"column":16},"end":{"line":508,"column":26}},{"start":{"line":509,"column":16},"end":{"line":513,"column":29}},{"start":{"line":514,"column":16},"end":{"line":519,"column":26}},{"start":{"line":520,"column":16},"end":{"line":526,"column":26}}],"line":488},"113":{"loc":{"start":{"line":490,"column":20},"end":{"line":493,"column":21}},"type":"if","locations":[{"start":{"line":490,"column":20},"end":{"line":493,"column":21}},{"start":{"line":490,"column":20},"end":{"line":493,"column":21}}],"line":490},"114":{"loc":{"start":{"line":490,"column":24},"end":{"line":490,"column":47}},"type":"binary-expr","locations":[{"start":{"line":490,"column":24},"end":{"line":490,"column":35}},{"start":{"line":490,"column":39},"end":{"line":490,"column":47}}],"line":490},"115":{"loc":{"start":{"line":503,"column":20},"end":{"line":505,"column":21}},"type":"if","locations":[{"start":{"line":503,"column":20},"end":{"line":505,"column":21}},{"start":{"line":503,"column":20},"end":{"line":505,"column":21}}],"line":503},"116":{"loc":{"start":{"line":510,"column":20},"end":{"line":512,"column":21}},"type":"if","locations":[{"start":{"line":510,"column":20},"end":{"line":512,"column":21}},{"start":{"line":510,"column":20},"end":{"line":512,"column":21}}],"line":510},"117":{"loc":{"start":{"line":510,"column":24},"end":{"line":510,"column":40}},"type":"binary-expr","locations":[{"start":{"line":510,"column":24},"end":{"line":510,"column":28}},{"start":{"line":510,"column":32},"end":{"line":510,"column":40}}],"line":510},"118":{"loc":{"start":{"line":515,"column":20},"end":{"line":517,"column":21}},"type":"if","locations":[{"start":{"line":515,"column":20},"end":{"line":517,"column":21}},{"start":{"line":515,"column":20},"end":{"line":517,"column":21}}],"line":515},"119":{"loc":{"start":{"line":522,"column":20},"end":{"line":525,"column":21}},"type":"if","locations":[{"start":{"line":522,"column":20},"end":{"line":525,"column":21}},{"start":{"line":522,"column":20},"end":{"line":525,"column":21}}],"line":522},"120":{"loc":{"start":{"line":522,"column":24},"end":{"line":522,"column":45}},"type":"binary-expr","locations":[{"start":{"line":522,"column":24},"end":{"line":522,"column":33}},{"start":{"line":522,"column":37},"end":{"line":522,"column":45}}],"line":522},"121":{"loc":{"start":{"line":529,"column":8},"end":{"line":533,"column":9}},"type":"if","locations":[{"start":{"line":529,"column":8},"end":{"line":533,"column":9}},{"start":{"line":529,"column":8},"end":{"line":533,"column":9}}],"line":529},"122":{"loc":{"start":{"line":530,"column":12},"end":{"line":532,"column":13}},"type":"if","locations":[{"start":{"line":530,"column":12},"end":{"line":532,"column":13}},{"start":{"line":530,"column":12},"end":{"line":532,"column":13}}],"line":530},"123":{"loc":{"start":{"line":530,"column":16},"end":{"line":530,"column":32}},"type":"binary-expr","locations":[{"start":{"line":530,"column":16},"end":{"line":530,"column":24}},{"start":{"line":530,"column":28},"end":{"line":530,"column":32}}],"line":530},"124":{"loc":{"start":{"line":549,"column":12},"end":{"line":555,"column":13}},"type":"if","locations":[{"start":{"line":549,"column":12},"end":{"line":555,"column":13}},{"start":{"line":549,"column":12},"end":{"line":555,"column":13}}],"line":549},"125":{"loc":{"start":{"line":551,"column":16},"end":{"line":553,"column":17}},"type":"if","locations":[{"start":{"line":551,"column":16},"end":{"line":553,"column":17}},{"start":{"line":551,"column":16},"end":{"line":553,"column":17}}],"line":551},"126":{"loc":{"start":{"line":551,"column":20},"end":{"line":551,"column":74}},"type":"binary-expr","locations":[{"start":{"line":551,"column":20},"end":{"line":551,"column":43}},{"start":{"line":551,"column":47},"end":{"line":551,"column":74}}],"line":551},"127":{"loc":{"start":{"line":556,"column":12},"end":{"line":597,"column":13}},"type":"if","locations":[{"start":{"line":556,"column":12},"end":{"line":597,"column":13}},{"start":{"line":556,"column":12},"end":{"line":597,"column":13}}],"line":556},"128":{"loc":{"start":{"line":556,"column":16},"end":{"line":556,"column":65}},"type":"binary-expr","locations":[{"start":{"line":556,"column":16},"end":{"line":556,"column":38}},{"start":{"line":556,"column":42},"end":{"line":556,"column":65}}],"line":556},"129":{"loc":{"start":{"line":557,"column":16},"end":{"line":570,"column":17}},"type":"if","locations":[{"start":{"line":557,"column":16},"end":{"line":570,"column":17}},{"start":{"line":557,"column":16},"end":{"line":570,"column":17}}],"line":557},"130":{"loc":{"start":{"line":557,"column":20},"end":{"line":557,"column":48}},"type":"binary-expr","locations":[{"start":{"line":557,"column":20},"end":{"line":557,"column":28}},{"start":{"line":557,"column":32},"end":{"line":557,"column":48}}],"line":557},"131":{"loc":{"start":{"line":558,"column":20},"end":{"line":569,"column":21}},"type":"if","locations":[{"start":{"line":558,"column":20},"end":{"line":569,"column":21}},{"start":{"line":558,"column":20},"end":{"line":569,"column":21}}],"line":558},"132":{"loc":{"start":{"line":565,"column":24},"end":{"line":568,"column":25}},"type":"if","locations":[{"start":{"line":565,"column":24},"end":{"line":568,"column":25}},{"start":{"line":565,"column":24},"end":{"line":568,"column":25}}],"line":565},"133":{"loc":{"start":{"line":573,"column":17},"end":{"line":597,"column":13}},"type":"if","locations":[{"start":{"line":573,"column":17},"end":{"line":597,"column":13}},{"start":{"line":573,"column":17},"end":{"line":597,"column":13}}],"line":573},"134":{"loc":{"start":{"line":573,"column":21},"end":{"line":573,"column":71}},"type":"binary-expr","locations":[{"start":{"line":573,"column":21},"end":{"line":573,"column":44}},{"start":{"line":573,"column":48},"end":{"line":573,"column":71}}],"line":573},"135":{"loc":{"start":{"line":574,"column":16},"end":{"line":588,"column":17}},"type":"if","locations":[{"start":{"line":574,"column":16},"end":{"line":588,"column":17}},{"start":{"line":574,"column":16},"end":{"line":588,"column":17}}],"line":574},"136":{"loc":{"start":{"line":575,"column":20},"end":{"line":587,"column":21}},"type":"if","locations":[{"start":{"line":575,"column":20},"end":{"line":587,"column":21}},{"start":{"line":575,"column":20},"end":{"line":587,"column":21}}],"line":575},"137":{"loc":{"start":{"line":576,"column":24},"end":{"line":579,"column":25}},"type":"if","locations":[{"start":{"line":576,"column":24},"end":{"line":579,"column":25}},{"start":{"line":576,"column":24},"end":{"line":579,"column":25}}],"line":576},"138":{"loc":{"start":{"line":581,"column":25},"end":{"line":587,"column":21}},"type":"if","locations":[{"start":{"line":581,"column":25},"end":{"line":587,"column":21}},{"start":{"line":581,"column":25},"end":{"line":587,"column":21}}],"line":581},"139":{"loc":{"start":{"line":585,"column":25},"end":{"line":587,"column":21}},"type":"if","locations":[{"start":{"line":585,"column":25},"end":{"line":587,"column":21}},{"start":{"line":585,"column":25},"end":{"line":587,"column":21}}],"line":585},"140":{"loc":{"start":{"line":593,"column":16},"end":{"line":595,"column":17}},"type":"if","locations":[{"start":{"line":593,"column":16},"end":{"line":595,"column":17}},{"start":{"line":593,"column":16},"end":{"line":595,"column":17}}],"line":593},"141":{"loc":{"start":{"line":598,"column":12},"end":{"line":620,"column":13}},"type":"if","locations":[{"start":{"line":598,"column":12},"end":{"line":620,"column":13}},{"start":{"line":598,"column":12},"end":{"line":620,"column":13}}],"line":598},"142":{"loc":{"start":{"line":600,"column":16},"end":{"line":617,"column":17}},"type":"if","locations":[{"start":{"line":600,"column":16},"end":{"line":617,"column":17}},{"start":{"line":600,"column":16},"end":{"line":617,"column":17}}],"line":600},"143":{"loc":{"start":{"line":601,"column":20},"end":{"line":603,"column":21}},"type":"if","locations":[{"start":{"line":601,"column":20},"end":{"line":603,"column":21}},{"start":{"line":601,"column":20},"end":{"line":603,"column":21}}],"line":601},"144":{"loc":{"start":{"line":601,"column":24},"end":{"line":601,"column":86}},"type":"binary-expr","locations":[{"start":{"line":601,"column":24},"end":{"line":601,"column":39}},{"start":{"line":601,"column":43},"end":{"line":601,"column":86}}],"line":601},"145":{"loc":{"start":{"line":604,"column":20},"end":{"line":616,"column":21}},"type":"if","locations":[{"start":{"line":604,"column":20},"end":{"line":616,"column":21}},{"start":{"line":604,"column":20},"end":{"line":616,"column":21}}],"line":604},"146":{"loc":{"start":{"line":605,"column":24},"end":{"line":608,"column":25}},"type":"if","locations":[{"start":{"line":605,"column":24},"end":{"line":608,"column":25}},{"start":{"line":605,"column":24},"end":{"line":608,"column":25}}],"line":605},"147":{"loc":{"start":{"line":610,"column":25},"end":{"line":616,"column":21}},"type":"if","locations":[{"start":{"line":610,"column":25},"end":{"line":616,"column":21}},{"start":{"line":610,"column":25},"end":{"line":616,"column":21}}],"line":610},"148":{"loc":{"start":{"line":614,"column":25},"end":{"line":616,"column":21}},"type":"if","locations":[{"start":{"line":614,"column":25},"end":{"line":616,"column":21}},{"start":{"line":614,"column":25},"end":{"line":616,"column":21}}],"line":614},"149":{"loc":{"start":{"line":622,"column":8},"end":{"line":639,"column":9}},"type":"if","locations":[{"start":{"line":622,"column":8},"end":{"line":639,"column":9}},{"start":{"line":622,"column":8},"end":{"line":639,"column":9}}],"line":622},"150":{"loc":{"start":{"line":623,"column":12},"end":{"line":625,"column":13}},"type":"if","locations":[{"start":{"line":623,"column":12},"end":{"line":625,"column":13}},{"start":{"line":623,"column":12},"end":{"line":625,"column":13}}],"line":623},"151":{"loc":{"start":{"line":623,"column":16},"end":{"line":623,"column":78}},"type":"binary-expr","locations":[{"start":{"line":623,"column":16},"end":{"line":623,"column":31}},{"start":{"line":623,"column":35},"end":{"line":623,"column":78}}],"line":623},"152":{"loc":{"start":{"line":626,"column":12},"end":{"line":638,"column":13}},"type":"if","locations":[{"start":{"line":626,"column":12},"end":{"line":638,"column":13}},{"start":{"line":626,"column":12},"end":{"line":638,"column":13}}],"line":626},"153":{"loc":{"start":{"line":627,"column":16},"end":{"line":630,"column":17}},"type":"if","locations":[{"start":{"line":627,"column":16},"end":{"line":630,"column":17}},{"start":{"line":627,"column":16},"end":{"line":630,"column":17}}],"line":627},"154":{"loc":{"start":{"line":632,"column":17},"end":{"line":638,"column":13}},"type":"if","locations":[{"start":{"line":632,"column":17},"end":{"line":638,"column":13}},{"start":{"line":632,"column":17},"end":{"line":638,"column":13}}],"line":632},"155":{"loc":{"start":{"line":636,"column":17},"end":{"line":638,"column":13}},"type":"if","locations":[{"start":{"line":636,"column":17},"end":{"line":638,"column":13}},{"start":{"line":636,"column":17},"end":{"line":638,"column":13}}],"line":636},"156":{"loc":{"start":{"line":685,"column":8},"end":{"line":687,"column":9}},"type":"if","locations":[{"start":{"line":685,"column":8},"end":{"line":687,"column":9}},{"start":{"line":685,"column":8},"end":{"line":687,"column":9}}],"line":685}},"s":{"0":1,"1":1,"2":1,"3":1,"4":1,"5":1,"6":1,"7":1,"8":0,"9":0,"10":0,"11":0,"12":0,"13":0,"14":0,"15":0,"16":0,"17":0,"18":0,"19":0,"20":0,"21":0,"22":0,"23":0,"24":0,"25":0,"26":0,"27":0,"28":0,"29":0,"30":0,"31":0,"32":0,"33":0,"34":0,"35":0,"36":0,"37":0,"38":0,"39":0,"40":0,"41":0,"42":0,"43":0,"44":0,"45":0,"46":0,"47":0,"48":0,"49":0,"50":0,"51":0,"52":0,"53":0,"54":0,"55":0,"56":0,"57":0,"58":0,"59":0,"60":0,"61":0,"62":0,"63":0,"64":0,"65":0,"66":0,"67":0,"68":0,"69":0,"70":0,"71":0,"72":0,"73":0,"74":0,"75":0,"76":0,"77":0,"78":0,"79":0,"80":0,"81":0,"82":0,"83":0,"84":0,"85":0,"86":0,"87":0,"88":0,"89":0,"90":0,"91":0,"92":0,"93":0,"94":0,"95":0,"96":0,"97":0,"98":0,"99":0,"100":0,"101":0,"102":0,"103":0,"104":0,"105":0,"106":0,"107":0,"108":0,"109":0,"110":0,"111":0,"112":0,"113":0,"114":0,"115":0,"116":0,"117":0,"118":0,"119":0,"120":0,"121":0,"122":0,"123":0,"124":0,"125":0,"126":0,"127":0,"128":0,"129":0,"130":0,"131":0,"132":0,"133":0,"134":0,"135":0,"136":0,"137":0,"138":0,"139":0,"140":0,"141":0,"142":0,"143":0,"144":0,"145":0,"146":0,"147":0,"148":0,"149":0,"150":0,"151":0,"152":0,"153":0,"154":0,"155":0,"156":0,"157":0,"158":0,"159":0,"160":0,"161":0,"162":0,"163":0,"164":0,"165":0,"166":0,"167":0,"168":0,"169":0,"170":0,"171":0,"172":0,"173":0,"174":0,"175":0,"176":0,"177":0,"178":0,"179":0,"180":0,"181":0,"182":0,"183":0,"184":0,"185":0,"186":0,"187":0,"188":0,"189":0,"190":0,"191":0,"192":0,"193":0,"194":0,"195":0,"196":0,"197":0,"198":0,"199":0,"200":0,"201":0,"202":0,"203":0,"204":0,"205":0,"206":0,"207":0,"208":0,"209":0,"210":0,"211":0,"212":0,"213":0,"214":0,"215":0,"216":0,"217":0,"218":0,"219":0,"220":0,"221":0,"222":0,"223":0,"224":0,"225":0,"226":0,"227":0,"228":0,"229":0,"230":0,"231":0,"232":0,"233":0,"234":0,"235":0,"236":0,"237":0,"238":0,"239":0,"240":0,"241":0,"242":0,"243":0,"244":0,"245":0,"246":0,"247":0,"248":0,"249":0,"250":0,"251":0,"252":0,"253":0,"254":0,"255":0,"256":0,"257":0,"258":0,"259":0,"260":0,"261":0,"262":0,"263":0,"264":0,"265":0,"266":0,"267":0,"268":0,"269":0,"270":0,"271":0,"272":0,"273":0,"274":0,"275":0,"276":0,"277":0,"278":0,"279":0,"280":0,"281":0,"282":0,"283":0,"284":0,"285":0,"286":0,"287":0,"288":0,"289":0,"290":0,"291":0,"292":0,"293":0,"294":0,"295":0,"296":0,"297":0,"298":0,"299":0,"300":0,"301":0,"302":0,"303":0,"304":0,"305":0,"306":0,"307":0,"308":0,"309":0,"310":0,"311":0,"312":0,"313":0,"314":0,"315":0,"316":0,"317":0,"318":0,"319":0,"320":0,"321":0,"322":0,"323":0,"324":0,"325":0,"326":0,"327":0,"328":0,"329":0,"330":0,"331":0,"332":0,"333":0,"334":0,"335":0,"336":0,"337":0,"338":0,"339":0,"340":0,"341":0,"342":0,"343":0,"344":0,"345":0,"346":0,"347":0,"348":0,"349":0,"350":0,"351":0,"352":0,"353":0,"354":0,"355":0,"356":0,"357":0,"358":0,"359":0,"360":0,"361":0,"362":0,"363":0,"364":0,"365":0,"366":0,"367":0,"368":0,"369":0,"370":0,"371":0,"372":0,"373":0,"374":0,"375":0,"376":0,"377":0,"378":0,"379":0,"380":0,"381":1},"f":{"0":1,"1":0,"2":0,"3":0,"4":0,"5":0,"6":0,"7":0,"8":0,"9":0,"10":0,"11":0,"12":0,"13":0,"14":0,"15":0,"16":0,"17":0,"18":0,"19":0,"20":0,"21":0,"22":0,"23":0,"24":0,"25":0,"26":0,"27":0,"28":0,"29":0,"30":0,"31":0,"32":0},"b":{"0":[1,1],"1":[0,0,0,0],"2":[0,0,0,0,0,0,0],"3":[0,0],"4":[0,0],"5":[0,0],"6":[0,0],"7":[0,0,0],"8":[0,0],"9":[0,0],"10":[0,0],"11":[0,0,0],"12":[0,0],"13":[0,0],"14":[0,0],"15":[0,0],"16":[0,0],"17":[0,0],"18":[0,0],"19":[0,0],"20":[0,0],"21":[0,0],"22":[0,0],"23":[0,0],"24":[0,0],"25":[0,0],"26":[0,0],"27":[0,0],"28":[0,0],"29":[0,0],"30":[0,0],"31":[0,0],"32":[0,0],"33":[0,0],"34":[0,0],"35":[0,0,0,0,0,0,0,0],"36":[0,0],"37":[0,0],"38":[0,0],"39":[0,0],"40":[0,0],"41":[0,0],"42":[0,0],"43":[0,0],"44":[0,0],"45":[0,0],"46":[0,0],"47":[0,0],"48":[0,0],"49":[0,0],"50":[0,0],"51":[0,0],"52":[0,0],"53":[0,0],"54":[0,0],"55":[0,0],"56":[0,0],"57":[0,0],"58":[0,0],"59":[0,0],"60":[0,0],"61":[0,0,0],"62":[0,0],"63":[0,0],"64":[0,0],"65":[0,0],"66":[0,0],"67":[0,0],"68":[0,0],"69":[0,0],"70":[0,0],"71":[0,0],"72":[0,0],"73":[0,0],"74":[0,0],"75":[0,0],"76":[0,0],"77":[0,0],"78":[0,0],"79":[0,0],"80":[0,0],"81":[0,0],"82":[0,0],"83":[0,0],"84":[0,0],"85":[0,0],"86":[0,0],"87":[0,0],"88":[0,0],"89":[0,0],"90":[0,0],"91":[0,0],"92":[0,0],"93":[0,0],"94":[0,0],"95":[0,0],"96":[0,0],"97":[0,0],"98":[0,0],"99":[0,0],"100":[0,0],"101":[0,0],"102":[0,0],"103":[0,0],"104":[0,0],"105":[0,0],"106":[0,0],"107":[0,0],"108":[0,0],"109":[0,0],"110":[0,0],"111":[0,0],"112":[0,0,0,0,0,0,0,0],"113":[0,0],"114":[0,0],"115":[0,0],"116":[0,0],"117":[0,0],"118":[0,0],"119":[0,0],"120":[0,0],"121":[0,0],"122":[0,0],"123":[0,0],"124":[0,0],"125":[0,0],"126":[0,0],"127":[0,0],"128":[0,0],"129":[0,0],"130":[0,0],"131":[0,0],"132":[0,0],"133":[0,0],"134":[0,0],"135":[0,0],"136":[0,0],"137":[0,0],"138":[0,0],"139":[0,0],"140":[0,0],"141":[0,0],"142":[0,0],"143":[0,0],"144":[0,0],"145":[0,0],"146":[0,0],"147":[0,0],"148":[0,0],"149":[0,0],"150":[0,0],"151":[0,0],"152":[0,0],"153":[0,0],"154":[0,0],"155":[0,0],"156":[0,0]},"_coverageSchema":"332fd63041d2c1bcb487cc26dd0d5f7d97098a6c","hash":"b5b620936d3e3bbe39884be5bf278640c6a3fff1","contentHash":"3d738882e562e126b00951b29e175e69_11.0.2"},"C:\\Users\\Remy\\code\\github\\dockerfile-language-server-nodejs\\out\\src\\docker.js":{"path":"C:\\Users\\Remy\\code\\github\\dockerfile-language-server-nodejs\\out\\src\\docker.js","statementMap":{"0":{"start":{"line":6,"column":0},"end":{"line":6,"column":62}},"1":{"start":{"line":7,"column":0},"end":{"line":26,"column":2}},"2":{"start":{"line":27,"column":0},"end":{"line":27,"column":36}},"3":{"start":{"line":30,"column":8},"end":{"line":30,"column":69}},"4":{"start":{"line":33,"column":8},"end":{"line":33,"column":46}},"5":{"start":{"line":36,"column":8},"end":{"line
[...]
3,"column":24},"end":{"line":105,"column":25}}],"line":103},"19":{"loc":{"start":{"line":114,"column":12},"end":{"line":117,"column":13}},"type":"if","locations":[{"start":{"line":114,"column":12},"end":{"line":117,"column":13}},{"start":{"line":114,"column":12},"end":{"line":117,"column":13}}],"line":114},"20":{"loc":{"start":{"line":132,"column":12},"end":{"line":202,"column":13}},"type":"switch","locations":[{"start":{"line":133,"column":16},"end":{"line":133,"column":25}},{"start":{"line":134,"column":16},"end":{"line":143,"column":29}},{"start":{"line":144,"column":16},"end":{"line":144,"column":26}},{"start":{"line":145,"column":16},"end":{"line":156,"column":26}},{"start":{"line":157,"column":16},"end":{"line":158,"column":35}},{"start":{"line":159,"column":16},"end":{"line":201,"column":36}}],"line":132},"21":{"loc":{"start":{"line":136,"column":20},"end":{"line":142,"column":21}},"type":"if","locations":[{"start":{"line":136,"column":20},"end":{"line":142,"column":21}},{"start":{"line":136,"column":20},"end":{"line":142,"column":21}}],"line":136},"22":{"loc":{"start":{"line":147,"column":20},"end":{"line":153,"column":21}},"type":"if","locations":[{"start":{"line":147,"column":20},"end":{"line":153,"column":21}},{"start":{"line":147,"column":20},"end":{"line":153,"column":21}}],"line":147},"23":{"loc":{"start":{"line":160,"column":20},"end":{"line":164,"column":21}},"type":"if","locations":[{"start":{"line":160,"column":20},"end":{"line":164,"column":21}},{"start":{"line":160,"column":20},"end":{"line":164,"column":21}}],"line":160},"24":{"loc":{"start":{"line":160,"column":24},"end":{"line":160,"column":49}},"type":"binary-expr","locations":[{"start":{"line":160,"column":24},"end":{"line":160,"column":39}},{"start":{"line":160,"column":43},"end":{"line":160,"column":49}}],"line":160},"25":{"loc":{"start":{"line":167,"column":24},"end":{"line":198,"column":25}},"type":"switch","locations":[{"start":{"line":168,"column":28},"end":{"line":182,"column":38}},{"start":{"line":183,"column":28},"end":{"line":192,"column":51}},{"start":{"line":193,"column":28},"end":{"line":197,"column":51}}],"line":167},"26":{"loc":{"start":{"line":170,"column":32},"end":{"line":181,"column":33}},"type":"if","locations":[{"start":{"line":170,"column":32},"end":{"line":181,"column":33}},{"start":{"line":170,"column":32},"end":{"line":181,"column":33}}],"line":170},"27":{"loc":{"start":{"line":170,"column":36},"end":{"line":170,"column":112}},"type":"binary-expr","locations":[{"start":{"line":170,"column":36},"end":{"line":170,"column":44}},{"start":{"line":170,"column":49},"end":{"line":170,"column":78}},{"start":{"line":170,"column":82},"end":{"line":170,"column":111}}],"line":170},"28":{"loc":{"start":{"line":172,"column":36},"end":{"line":177,"column":37}},"type":"if","locations":[{"start":{"line":172,"column":36},"end":{"line":177,"column":37}},{"start":{"line":172,"column":36},"end":{"line":177,"column":37}}],"line":172},"29":{"loc":{"start":{"line":184,"column":32},"end":{"line":189,"column":33}},"type":"if","locations":[{"start":{"line":184,"column":32},"end":{"line":189,"column":33}},{"start":{"line":184,"column":32},"end":{"line":189,"column":33}}],"line":184}},"s":{"0":1,"1":1,"2":1,"3":26,"4":65,"5":45,"6":45,"7":1,"8":1,"9":2,"10":45,"11":22,"12":9,"13":13,"14":22,"15":22,"16":22,"17":22,"18":22,"19":22,"20":22,"21":22,"22":11,"23":45,"24":45,"25":2,"26":1,"27":2,"28":2,"29":43,"30":9,"31":9,"32":5,"33":9,"34":9,"35":22,"36":15,"37":4,"38":10,"39":3,"40":1,"41":2,"42":1,"43":11,"44":16,"45":10,"46":4,"47":3,"48":1,"49":6,"50":2,"51":4,"52":8,"53":8,"54":52,"55":1,"56":1,"57":8,"58":15,"59":15,"60":15,"61":23,"62":23,"63":23,"64":23,"65":23,"66":23,"67":97,"68":57,"69":6,"70":6,"71":57,"72":9,"73":3,"74":3,"75":9,"76":9,"77":9,"78":3,"79":31,"80":22,"81":22,"82":22,"83":31,"84":262,"85":10,"86":8,"87":8,"88":3,"89":5,"90":8,"91":8,"92":8,"93":2,"94":5,"95":3,"96":2,"97":5,"98":5,"99":5,"100":5,"101":5,"102":5,"103":5,"104":13,"105":23,"106":1},"f":{"0":26,"1":65,"2":45,"3":22,"4":22,"5":15,"6":23},"b":{"0":[26,18,13],"1":[65,65],"2":[1,44],"3":[45,45],"4":[9,13],"5":[11,11],"6":[2,43],"7":[1,1],"8":[9,34],"9":[5,4],"10":[9,5,2],"11":[15,7],"12":[4,11],"13":[3,7],"14":[1,2],"15":[10,6],"16":[4,6],"17":[3,1],"18":[2,4],"19":[1,51],"20":[42,57,2,9,3,31],"21":[6,51],"22":[3,6],"23":[22,9],"24":[31,16],"25":[10,5,5],"26":[8,2],"27":[10,8,5],"28":[3,5],"29":[3,2]},"_coverageSchema":"332fd63041d2c1bcb487cc26dd0d5f7d97098a6c","hash":"dd7481d01d83e2fff01c8faef1b53b354953cf26","contentHash":"b5d1b2e504e7e9b94f889c6a41bf5d61_11.0.2"},"C:\\Users\\Remy\\code\\github\\dockerfile-language-server-nodejs\\out\\src\\dockerMarkdown.js":{"path":"C:\\Users\\Remy\\code\\github\\dockerfile-language-server-nodejs\\out\\src\\dockerMarkdown.js","statementMap":{"0":{"start":{"line":6,"column":0},"end":{"line":6,"column":62}},"1":{"start":{"line":9,"column":8},"end":{"line":34,"column":10}},"2":{"start":{"line":35,"column":8},"end":{"line":180,"column":10}},"3":{"start":{"line":183,"column":8},"end":{"line":183,"column":46}},"4":{"start":{"line":191,"column":8},"end":{"line":191,"column":36}},"5":{"start":{"line":194,"column":0},"end":{"line":194,"column":54}}},"fnMap":{"0":{"name":"(anonymous_0)","decl":{"start":{"line":8,"column":4},"end":{"line":8,"column":5}},"loc":{"start":{"line":8,"column":18},"end":{"line":181,"column":5}},"line":8},"1":{"name":"(anonymous_1)","decl":{"start":{"line":182,"column":4},"end":{"line":182,"column":5}},"loc":{"start":{"line":182,"column":34},"end":{"line":184,"column":5}},"line":182},"2":{"name":"(anonymous_2)","decl":{"start":{"line":190,"column":4},"end":{"line":190,"column":5}},"loc":{"start":{"line":190,"column":22},"end":{"line":192,"column":5}},"line":190}},"branchMap":{},"s":{"0":1,"1":1,"2":1,"3":19,"4":56,"5":1},"f":{"0":1,"1":19,"2":56},"b":{},"_coverageSchema":"332fd63041d2c1bcb487cc26dd0d5f7d97098a6c","hash":"0a715c2ece51592ce9a9864471f69b56575d5ed6","contentHash":"94db90a4c16069c7cb3b9bdcc66a43ed_11.0.2"},"C:\\Users\\Remy\\code\\github\\dockerfile-language-server-nodejs\\out\\src\\dockerHover.js":{"path":"C:\\Users\\Remy\\code\\github\\dockerfile-language-server-nodejs\\out\\src\\dockerHover.js","statementMap":{"0":{"start":{"line":6,"column":0},"end":{"line":6,"column":62}},"1":{"start":{"line":7,"column":17},"end":{"line":7,"column":36}},"2":{"start":{"line":10,"column":8},"end":{"line":10,"column":33}},"3":{"start":{"line":13,"column":21},"end":{"line":13,"column":39}},"4":{"start":{"line":14,"column":24},"end":{"line":14,"column":25}},"5":{"start":{"line":15,"column":22},"end":{"line":15,"column":35}},"6":{"start":{"line":16,"column":8},"end":{"line":51,"column":9}},"7":{"start":{"line":18,"column":12},"end":{"line":50,"column":13}},"8":{"start":{"line":18,"column":28},"end":{"line":50,"column":13}},"9":{"start":{"line":19,"column":16},"end":{"line":49,"column":17}},"10":{"start":{"line":21,"column":40},"end":{"line":21,"column":42}},"11":{"start":{"line":22,"column":24},"end":{"line":42,"column":25}},"12":{"start":{"line":23,"column":39},"end":{"line":23,"column":55}},"13":{"start":{"line":24,"column":28},"end":{"line":41,"column":29}},"14":{"start":{"line":27,"column":36},"end":{"line":27,"column":45}},"15":{"start":{"line":30,"column":36},"end":{"line":30,"column":57}},"16":{"start":{"line":32,"column":36},"end":{"line":39,"column":37}},"17":{"start":{"line":33,"column":40},"end":{"line":35,"column":41}},"18":{"start":{"line":34,"column":44},"end":{"line":34,"column":104}},"19":{"start":{"line":38,"column":40},"end":{"line":38,"column":83}},"20":{"start":{"line":40,"column":36},"end":{"line":40,"column":42}},"21":{"start":{"line":43,"column":24},"end":{"line":43,"column":30}},"22":{"start":{"line":46,"column":24},"end":{"line":46,"column":33}},"23":{"start":{"line":48,"column":24},"end":{"line":48,"column":45}},"24":{"start":{"line":52,"column":25},"end":{"line":52,"column":65}},"25":{"start":{"line":53,"column":21},"end":{"line":53,"column":69}},"26":{"start":{"line":54,"column":19},"end":{"line":54,"column":21}},"27":{"start":{"line":55,"column":8},"end":{"line":115,"column":9}},"28":{"start":{"line":55,"column":20},"end":{"line":115,"column":9}},"29":{"start":{"line":56,"column":23},"end":{"line":56,"column":39}},"30":{"start":{"line":57,"column":12},"end":{"line":114,"column":13}},"31":{"start":{"line":59,"column":20},"end":{"line":66,"column":21}},"32":{"start":{"line":60,"column":24},"end":{"line":60,"column":28}},"33":{"start":{"line":61,"column":24},"end":{"line":61,"column":33}},"34":{"start":{"line":64,"column":24},"end":{"line":64,"column":42}},"35":{"start":{"line":65,"column":24},"end":{"line":65,"column":41}},"36":{"start":{"line":68,"column":20},"end":{"line":68,"column":48}},"37":{"start":{"line":69,"column":20},"end":{"line":80,"column":21}},"38":{"start":{"line":70,"column":24},"end":{"line":70,"column":28}},"39":{"start":{"line":71,"column":24},"end":{"line":71,"column":33}},"40":{"start":{"line":73,"column":25},"end":{"line":80,"column":21}},"41":{"start":{"line":74,"column":24},"end":{"line":74,"column":34}},"42":{"start":{"line":75,"column":24},"end":{"line":75,"column":33}},"43":{"start":{"line":78,"column":24},"end":{"line":78,"column":42}},"44":{"start":{"line":79,"column":24},"end":{"line":79,"column":41}},"45":{"start":{"line":83,"column":39},"end":{"line":83,"column":41}},"46":{"start":{"line":84,"column":20},"end":{"line":104,"column":21}},"47":{"start":{"line":85,"column":24},"end":{"line":85,"column":48}},"48":{"start":{"line":86,"column":24},"end":{"line":103,"column":25}},"49":{"start":{"line":89,"column":32},"end":{"line":91,"column":33}},"50":{"start":{"line":90,"column":36},"end":{"line":90,"column":48}},"51":{"start":{"line":92,"column":32},"end":{"line":92,"column":50}},"52":{"start":{"line":93,"column":32},"end":{"line":93,"column":49}},"53":{"start":{"line":96,"column":32},"end":{"line":98,"column":33}},"54":{"start":{"line":97,"column":36},"end":{"line":97,"column":48}},"55":{"start":{"line":99,"column":32},"end":{"line":99,"column":41}},"56":{"start":{"line":101,"column":32},"end":{"line":101,"column":81}},"57":{"start":{"line":102,"column":32},"end":{"line":102,"column":41}},"58":{"start":{"line":106,"column":20},"end":{"line":108,"column":21}},"59":{"start":{"line":107,"column":24},"end":{"line":107,"column":36}},"60":{"start":{"line":109,"column":20},"end":{"line":109,"column":38}},"61":{"start":{"line":110,"column":20},"end":{"line":110,"column":37}},"62":{"start":{"line":112,"column":20},"end":{"line":112,"column":39}},"63":{"start":{"line":113,"column":20},"end":{"line":113,"column":26}},"64":{"start":{"line":116,"column":8},"end":{"line":141,"column":9}},"65":{"start":{"line":116,"column":18},"end":{"line":141,"column":9}},"66":{"start":{"line":117,"column":23},"end":{"line":117,"column":39}},"67":{"start":{"line":118,"column":12},"end":{"line":140,"column":13}},"68":{"start":{"line":120,"column":20},"end":{"line":120,"column":48}},"69":{"start":{"line":121,"column":20},"end":{"line":129,"column":21}},"70":{"start":{"line":122,"column":24},"end":{"line":122,"column":74}},"71":{"start":{"line":124,"column":25},"end":{"line":129,"column":21}},"72":{"start":{"line":125,"column":24},"end":{"line":125,"column":34}},"73":{"start":{"line":128,"column":24},"end":{"line":128,"column":36}},"74":{"start":{"line":130,"column":20},"end":{"line":130,"column":26}},"75":{"start":{"line":135,"column":20},"end":{"line":135,"column":32}},"76":{"start":{"line":136,"column":20},"end":{"line":136,"column":35}},"77":{"start":{"line":138,"column":20},"end":{"line":138,"column":39}},"78":{"start":{"line":139,"column":20},"end":{"line":139,"column":26}},"79":{"start":{"line":142,"column":21},"end":{"line":142,"column":39}},"80":{"start":{"line":143,"column":23},"end":{"line":143,"column":56}},"81":{"start":{"line":144,"column":8},"end":{"line":149,"column":9}},"82":{"start":{"line":145,"column":12},"end":{"line":148,"column":14}},"83":{"start":{"line":150,"column":8},"end":{"line":150,"column":24}},"84":{"start":{"line":153,"column":0},"end":{"line":153,"column":34}}},"fnMap":{"0":{"name":"(anonymous_0)","decl":{"start":{"line":9,"column":4},"end":{"line":9,"column":5}},"loc":{"start":{"line":9,"column":26},"end":{"line":11,"column":5}},"line":9},"1":{"name":"(anonymous_1)","decl":{"start":{"line":12,"column":4},"end":{"line":12,"column":5}},"loc":{"start":{"line":12,"column":44},"end":{"line":151,"column":5}},"line":12}},"branchMap":{"0":{"loc":{"start":{"line":16,"column":8},"end":{"line":51,"column":9}},"type":"if","locations":[{"start":{"line":16,"column":8},"end":{"line":51,"column":9}},{"start":{"line":16,"column":8},"end":{"line":51,"column":9}}],"line":16},"1":{"loc":{"start":{"line":19,"column":16},"end":{"line":49,"column":17}},"type":"switch","locations":[{"start":{"line":20,"column":20},"end":{"line":43,"column":30}},{"start":{"line":44,"column":20},"end":{"line":44,"column":29}},{"start":{"line":45,"column":20},"end":{"line":46,"column":33}},{"start":{"line":47,"column":20},"end":{"line":48,"column":45}}],"line":19},"2":{"loc":{"start":{"line":24,"column":28},"end":{"line":41,"column":29}},"type":"switch","locations":[{"start":{"line":25,"column":32},"end":{"line":25,"column":41}},{"start":{"line":26,"column":32},"end":{"line":27,"column":45}},{"start":{"line":28,"column":32},"end":{"line":28,"column":42}},{"start":{"line":29,"column":32},"end":{"line":30,"column":57}},{"start":{"line":31,"column":32},"end":{"line":40,"column":42}}],"line":24},"3":{"loc":{"start":{"line":32,"column":36},"end":{"line":39,"column":37}},"type":"if","locations":[{"start":{"line":32,"column":36},"end":{"line":39,"column":37}},{"start":{"line":32,"column":36},"end":{"line":39,"column":37}}],"line":32},"4":{"loc":{"start":{"line":33,"column":40},"end":{"line":35,"column":41}},"type":"if","locations":[{"start":{"line":33,"column":40},"end":{"line":35,"column":41}},{"start":{"line":33,"column":40},"end":{"line":35,"column":41}}],"line":33},"5":{"loc":{"start":{"line":57,"column":12},"end":{"line":114,"column":13}},"type":"switch","locations":[{"start":{"line":58,"column":16},"end":{"line":66,"column":21}},{"start":{"line":67,"column":16},"end":{"line":80,"column":21}},{"start":{"line":81,"column":16},"end":{"line":81,"column":26}},{"start":{"line":82,"column":16},"end":{"line":110,"column":37}},{"start":{"line":111,"column":16},"end":{"line":113,"column":26}}],"line":57},"6":{"loc":{"start":{"line":59,"column":20},"end":{"line":66,"column":21}},"type":"if","locations":[{"start":{"line":59,"column":20},"end":{"line":66,"column":21}},{"start":{"line":59,"column":20},"end":{"line":66,"column":21}}],"line":59},"7":{"loc":{"start":{"line":69,"column":20},"end":{"line":80,"column":21}},"type":"if","locations":[{"start":{"line":69,"column":20},"end":{"line":80,"column":21}},{"start":{"line":69,"column":20},"end":{"line":80,"column":21}}],"line":69},"8":{"loc":{"start":{"line":73,"column":25},"end":{"line":80,"column":21}},"type":"if","locations":[{"start":{"line":73,"column":25},"end":{"line":80,"column":21}},{"start":{"line":73,"column":25},"end":{"line":80,"column":21}}],"line":73},"9":{"loc":{"start":{"line":73,"column":29},"end":{"line":73,"column":81}},"type":"binary-expr","locations":[{"start":{"line":73,"column":29},"end":{"line":73,"column":42}},{"start":{"line":73,"column":46},"end":{"line":73,"column":81}}],"line":73},"10":{"loc":{"start":{"line":86,"column":24},"end":{"line":103,"column":25}},"type":"switch","locations":[{"start":{"line":87,"column":28},"end":{"line":87,"column":38}},{"start":{"line":88,"column":28},"end":{"line":93,"column":49}},{"start":{"line":94,"column":28},"end":{"line":94,"column":38}},{"start":{"line":95,"column":28},"end":{"line":99,"column":41}},{"start":{"line":100,"column":28},"end":{"line":102,"column":41}}],"line":86},"11":{"loc":{"start":{"line":89,"column":32},"end":{"line":91,"column":33}},"type":"if","locations":[{"start":{"line":89,"column":32},"end":{"line":91,"column":33}},{"start":{"line":89,"column":32},"end":{"line":91,"column":33}}],"line":89},"12":{"loc":{"start":{"line":89,"column":36},"end":{"line":89,"column":85}},"type":"binary-expr","locations":[{"start":{"line":89,"column":36},"end":{"line":89,"column":55}},{"start":{"line":89,"column":59},"end":{"line":89,"column":85}}],"line":89},"13":{"loc":{"start":{"line":96,"column":32},"end":{"line":98,"column":33}},"type":"if","locations":[{"start":{"line":96,"column":32},"end":{"line":98,"column":33}},{"start":{"line":96,"column":32},"end":{"line":98,"column":33}}],"line":96},"14":{"loc":{"start":{"line":96,"column":36},"end":{"line":96,"column":85}},"type":"binary-expr","locations":[{"start":{"line":96,"column":36},"end":{"line":96,"column":55}},{"start":{"line":96,"column":59},"end":{"line":96,"column":85}}],"line":96},"15":{"loc":{"start":{"line":106,"column":20},"end":{"line":108,"column":21}},"type":"if","locations":[{"start":{"line":106,"column":20},"end":{"line":108,"column":21}},{"start":{"line":106,"column":20},"end":{"line":108,"column":21}}],"line":106},"16":{"loc":{"start":{"line":106,"column":24},"end":{"line":106,"column":73}},"type":"binary-expr","locations":[{"start":{"line":106,"column":24},"end":{"line":106,"column":43}},{"start":{"line":106,"column":47},"end":{"line":106,"column":73}}],"line":106},"17":{"loc":{"start":{"line":118,"column":12},"end":{"line":140,"column":13}},"type":"switch","locations":[{"start":{"line":119,"column":16},"end":{"line":130,"column":26}},{"start":{"line":131,"column":16},"end":{"line":131,"column":26}},{"start":{"line":132,"column":16},"end":{"line":132,"column":26}},{"start":{"line":133,"column":16},"end":{"line":133,"column":26}},{"start":{"line":134,"column":16},"end":{"line":136,"column":35}},{"start":{"line":137,"column":16},"end":{"line":139,"column":26}}],"line":118},"18":{"loc":{"start":{"line":121,"column":20},"end":{"line":129,"column":21}},"type":"if","locations":[{"start":{"line":121,"column":20},"end":{"line":129,"column":21}},{"start":{"line":121,"column":20},"end":{"line":129,"column":21}}],"line":121},"19":{"loc":{"start":{"line":122,"column":28},"end":{"line":122,"column":73}},"type":"cond-expr","locations":[{"start":{"line":122,"column":60},"end":{"line":122,"column":65}},{"start":{"line":122,"column":68},"end":{"line":122,"column":73}}],"line":122},"20":{"loc":{"start":{"line":124,"column":25},"end":{"line":129,"column":21}},"type":"if","locations":[{"start":{"line":124,"column":25},"end":{"line":129,"column":21}},{"start":{"line":124,"column":25},"end":{"line":129,"column":21}}],"line":124},"21":{"loc":{"start":{"line":144,"column":8},"end":{"line":149,"column":9}},"type":"if","locations":[{"start":{"line":144,"column":8},"end":{"line":149,"column":9}},{"start":{"line":144,"column":8},"end":{"line":149,"column":9}}],"line":144}},"s":{"0":1,"1":1,"2":1,"3":41,"4":41,"5":41,"6":41,"7":25,"8":25,"9":35,"10":6,"11":6,"12":43,"13":43,"14":2,"15":2,"16":39,"17":2,"18":1,"19":37,"20":38,"21":3,"22":10,"23":19,"24":40,"25":40,"26":40,"27":40,"28":40,"29":160,"30":160,"31":4,"32":3,"33":3,"34":1,"35":1,"36":8,"37":8,"38":3,"39":3,"40":5,"41":3,"42":3,"43":2,"44":2,"45":14,"46":14,"47":81,"48":81,"49":4,"50":3,"51":1,"52":1,"53":20,"54":2,"55":18,"56":57,"57":57,"58":8,"59":2,"60":6,"61":6,"62":134,"63":134,"64":33,"65":33,"66":81,"67":81,"68":7,"69":7,"70":4,"71":3,"72":2,"73":1,"74":6,"75":29,"76":29,"77":45,"78":45,"79":32,"80":32,"81":32,"82":22,"83":32,"84":1},"f":{"0":1,"1":41},"b":{"0":[25,16],"1":[6,5,10,19],"2":[1,2,1,2,39],"3":[2,37],"4":[1,1],"5":[4,8,1,14,134],"6":[3,1],"7":[3,5],"8":[3,2],"9":[5,4],"10":[1,4,4,20,57],"11":[3,1],"12":[4,3],"13":[2,18],"14":[20,2],"15":[2,6],"16":[8,6],"17":[7,1,2,4,29,45],"18":[4,3],"19":[2,2],"20":[2,1],"21":[22,10]},"_coverageSchema":"332fd63041d2c1bcb487cc26dd0d5f7d97098a6c","hash":"290607d15b9e474596830b716c36911eb8454ad2","contentHash":"f0c2bcce0e297a3406d94f16f98a3f50_11.0.2"}}